
Gurobi 12.0.0 (win64) logging started Mon Dec 22 18:01:10 2025

Set parameter LogFile to value "Storage/Logs/log_____________2025_12_22_18_01_10.log"
Set parameter MIPGap to value 0.01
Set parameter OutputFlag to value 1
Gurobi Optimizer version 12.0.0 build v12.0.0rc1 (win64 - Windows 10.0 (19045.2))

CPU model: Intel(R) Core(TM) i7-9750H CPU @ 2.60GHz, instruction set [SSE2|AVX|AVX2]
Thread count: 6 physical cores, 12 logical processors, using up to 12 threads

Non-default parameters:
MIPGap  0.01
MIPFocus  1

Optimize a model with 6049 rows, 1408 columns and 16486 nonzeros
Model fingerprint: 0x2d86077a
Variable types: 42 continuous, 1366 integer (778 binary)
Coefficient statistics:
  Matrix range     [2e-01, 1e+06]
  Objective range  [6e+01, 2e+05]
  Bounds range     [1e+00, 1e+00]
  RHS range        [1e+00, 1e+06]
Found heuristic solution: objective 1.084000e+07
Presolve removed 4046 rows and 239 columns
Presolve time: 0.01s
Presolved: 2003 rows, 1169 columns, 10311 nonzeros
Variable types: 42 continuous, 1127 integer (707 binary)

Root relaxation: objective 3.791000e+03, 1825 iterations, 0.04 seconds (0.04 work units)

    Nodes    |    Current Node    |     Objective Bounds      |     Work
 Expl Unexpl |  Obj  Depth IntInf | Incumbent    BestBd   Gap | It/Node Time

     0     0 3791.00000    0   37 1.0840e+07 3791.00000   100%     -    0s
H    0     0                    8141324.0000 3791.00000   100%     -    0s
H    0     0                    7323406.0000 3791.00000   100%     -    0s
H    0     0                    4485370.0000 3791.00000   100%     -    0s
H    0     0                    4285370.0000 3791.00000   100%     -    0s
H    0     0                    4145370.0000 3791.00000   100%     -    0s
     0     0 3791.00000    0   61 4145370.00 3791.00000   100%     -    0s
H    0     0                    3585356.0000 3811.31903   100%     -    0s
H    0     0                    3305356.0000 3811.31903   100%     -    0s
     0     0 3811.31903    0   56 3305356.00 3811.31903   100%     -    0s
     0     0 3815.00706    0   51 3305356.00 3815.00706   100%     -    0s
H    0     0                    2765544.0000 3824.77988   100%     -    0s
H    0     0                    2425802.0000 3824.77988   100%     -    0s
H    0     0                    2286031.0000 3824.77988   100%     -    0s
H    0     0                    2146031.0000 3824.77988   100%     -    0s
     0     0 3824.77988    0   42 2146031.00 3824.77988   100%     -    0s
     0     0 3827.34507    0   57 2146031.00 3827.34507   100%     -    0s
     0     0 3827.34507    0   57 2146031.00 3827.34507   100%     -    0s
H    0     0                    1726031.0000 4042.74736   100%     -    0s
     0     0 4052.75322    0   75 1726031.00 4052.75322   100%     -    0s
     0     0 4058.72331    0  106 1726031.00 4058.72331   100%     -    0s
     0     0 4066.22221    0   97 1726031.00 4066.22221   100%     -    0s
     0     0 4073.55276    0  135 1726031.00 4073.55276   100%     -    0s
     0     0 4075.20450    0  117 1726031.00 4075.20450   100%     -    0s
     0     0 4075.20450    0  119 1726031.00 4075.20450   100%     -    0s
H    0     0                    1725802.0000 4075.20450   100%     -    0s
H    0     0                    832978.00000 4075.20450   100%     -    0s
H    0     0                    632978.00000 4075.20450  99.4%     -    0s
H    0     0                    629390.00000 4075.20450  99.4%     -    0s
H    0     0                    550182.00000 4148.23354  99.2%     -    0s
H    0     0                    350182.00000 4148.23354  98.8%     -    0s
     0     0 4148.23354    0  179 350182.000 4148.23354  98.8%     -    0s
H    0     0                    150182.00000 4148.23354  97.2%     -    0s
H    0     0                    149848.00000 4179.42899  97.2%     -    0s
     0     0 4179.42899    0  181 149848.000 4179.42899  97.2%     -    0s
     0     0 4186.68416    0  200 149848.000 4186.68416  97.2%     -    0s
H    0     0                    149590.00000 4194.96701  97.2%     -    0s
     0     0 4194.96701    0  152 149590.000 4194.96701  97.2%     -    0s
     0     0 4195.33337    0  194 149590.000 4195.33337  97.2%     -    0s
     0     0 4196.37264    0  226 149590.000 4196.37264  97.2%     -    0s
     0     0 4198.74493    0  205 149590.000 4198.74493  97.2%     -    0s
     0     0 4201.91192    0  204 149590.000 4201.91192  97.2%     -    0s
     0     0 4202.18446    0  214 149590.000 4202.18446  97.2%     -    0s
     0     0 4202.62882    0  211 149590.000 4202.62882  97.2%     -    0s
     0     0 4202.62882    0  222 149590.000 4202.62882  97.2%     -    0s
     0     0 4223.67946    0  235 149590.000 4223.67946  97.2%     -    1s
     0     0 4225.20444    0  257 149590.000 4225.20444  97.2%     -    1s
H    0     0                    11772.000000 4229.72341  64.1%     -    1s
     0     0 4229.72341    0  196 11772.0000 4229.72341  64.1%     -    1s
     0     0 4231.52032    0  249 11772.0000 4231.52032  64.1%     -    1s
     0     0 4233.50339    0  277 11772.0000 4233.50339  64.0%     -    1s
     0     0 4236.27677    0  258 11772.0000 4236.27677  64.0%     -    1s
     0     0 4236.82174    0  265 11772.0000 4236.82174  64.0%     -    1s
     0     0 4237.08910    0  270 11772.0000 4237.08910  64.0%     -    1s
     0     0 4237.09229    0  282 11772.0000 4237.09229  64.0%     -    1s
     0     0 4245.13433    0  264 11772.0000 4245.13433  63.9%     -    1s
H    0     0                    9733.0000000 4245.14948  56.4%     -    1s
     0     2 4245.14948    0  242 9733.00000 4245.14948  56.4%     -    2s
H   13    24                    9556.0000000 4279.37561  55.2%   410    2s
   247   248 4481.52831   28   68 9556.00000 4279.37561  55.2%   122    5s
H  405   400                    8156.0000000 4281.99880  47.5%  93.2    7s
H  592   545                    8153.0000000 4281.99880  47.5%  80.0    8s
   653   591 4554.89237   12  118 8153.00000 4285.85949  47.4%  84.3   10s
  1445  1213 4473.05064   41  264 8153.00000 4315.83759  47.1%  70.3   16s
  1491  1244 4882.15989   52  348 8153.00000 4330.65811  46.9%  68.1   23s
  1498  1257 4349.66956   18  267 8153.00000 4347.23653  46.7%  83.0   25s
H 1519  1215                    8092.0000000 4377.49858  45.9%  92.4   26s
  1715  1332 6314.14494   26   73 8092.00000 4377.49858  45.9%   116   30s
  2039  1390     cutoff   34      8092.00000 4391.39160  45.7%   123   35s
  2689  1535 4545.63505   23  313 8092.00000 4429.74808  45.3%   128   40s
  3211  1616 6089.57160   24  117 8092.00000 4451.75106  45.0%   134   45s
  3541  1707 6231.36634   36  136 8092.00000 4460.90289  44.9%   135   50s
  3853  1818 6037.89500   27  170 8092.00000 4465.48894  44.8%   136   55s
  4276  1881 6146.52108   29   68 8092.00000 4477.28415  44.7%   139   60s
  5017  2028 6855.14054   32   69 8092.00000 4500.98275  44.4%   142   65s
  6091  2503 6569.77537   38   61 8092.00000 4635.39389  42.7%   144   70s
  7638  3160     cutoff   32      8092.00000 5208.56970  35.6%   143   75s
  9038  3865 6396.00010   37  101 8092.00000 5868.93739  27.5%   140   80s
 10518  4612 6461.93526   36  123 8092.00000 5929.47104  26.7%   138   86s
 11704  5121 6341.47744   39   91 8092.00000 5956.38083  26.4%   136   90s
 13576  5765     cutoff   43      8092.00000 5984.04623  26.0%   135   96s
 14849  6349 6385.55363   32   66 8092.00000 5996.77264  25.9%   134  101s
 16276  6892 6210.02711   33  127 8092.00000 6017.93095  25.6%   133  105s
 17814  7690 6589.99664   35   70 8092.00000 6032.80165  25.4%   132  112s
 19560  8316 6274.93170   39  131 8092.00000 6043.90108  25.3%   131  116s
 20931  8878 6387.03929   31   48 8092.00000 6053.50859  25.2%   130  122s
 21659  9280 7643.43682   44  119 8092.00000 6058.44291  25.1%   130  126s
 23422 10112 6108.76288   29  164 8092.00000 6069.54706  25.0%   129  133s
 24339 10316 6504.92079   44   68 8092.00000 6075.43029  24.9%   128  137s
 25053 10700 6451.85913   41  109 8092.00000 6077.15865  24.9%   128  140s
 26966 11448 6391.02980   40  124 8092.00000 6088.34580  24.8%   128  148s
 28046 11833 6542.35552   31   62 8092.00000 6093.33971  24.7%   128  152s
 29155 12294 6642.02384   29  120 8092.00000 6103.65910  24.6%   127  156s
 30271 12723 6363.60107   33  105 8092.00000 6109.48414  24.5%   127  160s
 32689 13372 6447.85306   33  119 8092.00000 6123.61096  24.3%   127  168s
 33949 13773 6331.12161   35  122 8092.00000 6129.05891  24.3%   127  172s
 35225 14051 infeasible   23      8092.00000 6134.50023  24.2%   126  177s
 35938 14547 6263.44063   31  108 8092.00000 6137.82348  24.1%   126  182s
 37323 14943 6724.47446   31   98 8092.00000 6143.82500  24.1%   126  186s
 38533 15368 6240.70517   27   88 8092.00000 6146.55098  24.0%   126  190s
 39754 15634 6752.02185   36  123 8092.00000 6152.55261  24.0%   126  195s
 40495 16227 6459.40276   32  126 8092.00000 6156.50894  23.9%   127  200s
 42091 16830 7996.74426   34   40 8092.00000 6161.77962  23.9%   126  205s
 45049 17867 7040.15437   37  111 8092.00000 6168.92232  23.8%   124  214s
 46418 18288 7187.72756   40  143 8092.00000 6171.84776  23.7%   124  218s
 47637 18600     cutoff   40      8092.00000 6176.15386  23.7%   123  223s
 48572 19029 6499.26438   31   84 8092.00000 6179.05709  23.6%   123  227s
 49946 19494 6720.03229   27   41 8092.00000 6180.98125  23.6%   123  231s
 51327 19946 6221.99996   26   71 8092.00000 6184.65541  23.6%   123  236s
 52695 20401     cutoff   40      8092.00000 6187.00046  23.5%   122  240s
 54040 20928 6396.22154   35  100 8092.00000 6190.32614  23.5%   122  245s
 56386 21670     cutoff   38      8092.00000 6195.93567  23.4%   121  253s
 57756 21848 6525.33458   42  127 8092.00000 6199.85025  23.4%   121  258s
 58364 22474 7004.42680   46  128 8092.00000 6199.85025  23.4%   120  263s
 59966 23000 7107.90000   41   25 8092.00000 6201.98218  23.4%   120  267s
 61455 23153 6418.05295   36   77 8092.00000 6205.75349  23.3%   119  272s
 62007 23565 6721.47836   44   84 8092.00000 6206.62798  23.3%   119  276s
 63331 23571 6644.18982   38   74 8092.00000 6211.26519  23.2%   119  281s
 63348 23578 6660.00580   39   75 8092.00000 6211.26519  23.2%   119  285s
 63380 23608 7977.90028   41   66 8092.00000 6211.73010  23.2%   119  293s
 63467 23884 infeasible   42      8092.00000 6211.73010  23.2%   119  298s
 64265 24376 6610.47350   40   92 8092.00000 6213.54990  23.2%   119  304s
 65499 24868 7122.79601   32   94 8092.00000 6215.80747  23.2%   119  309s
 66813 25323 6901.02194   40   94 8092.00000 6218.06308  23.2%   119  315s
 68332 25742 infeasible   34      8092.00000 6222.00830  23.1%   118  320s
 69557 26238 6613.02083   38   59 8092.00000 6223.53846  23.1%   118  326s
 71084 26622 7097.10000   37   78 8092.00000 6227.19607  23.0%   118  331s
 72564 27105 6687.33453   36   89 8092.00000 6230.85537  23.0%   117  337s
 73941 27555 7894.69789   39  119 8092.00000 6233.32111  23.0%   117  343s
 75285 28049 6876.09201   48  112 8092.00000 6236.00484  22.9%   117  348s
 76602 28468 infeasible   45      8092.00000 6238.58702  22.9%   117  353s
 77897 28747 6411.45669   42  101 8092.00000 6240.60852  22.9%   117  358s
 78808 29021 6423.54205   38   89 8092.00000 6242.27174  22.9%   117  363s
 80101 29485 infeasible   41      8092.00000 6245.21991  22.8%   117  369s
 81470 29873 6626.18784   36   74 8092.00000 6249.03226  22.8%   116  374s
 82809 30170 6376.91868   34  159 8092.00000 6251.27418  22.7%   116  379s
 83913 30700 6473.18937   39  125 8092.00000 6253.04454  22.7%   116  384s
 85325 31052     cutoff   41      8092.00000 6255.06323  22.7%   116  389s
 86282 31442 infeasible   37      8092.00000 6256.35737  22.7%   116  394s
 87644 31887 6357.04523   33  186 8092.00000 6258.94017  22.7%   116  399s
 89015 32276 6402.04361   37   45 8092.00000 6260.99229  22.6%   116  403s
 90266 32603 6613.00766   40   80 8092.00000 6262.41296  22.6%   115  410s
 91278 32928 7252.40279   38   67 8092.00000 6262.82628  22.6%   115  417s
 92349 33499 6500.02495   35  101 8092.00000 6265.00838  22.6%   115  425s
 94353 33904 infeasible   54      8092.00000 6268.69001  22.5%   115  431s
 95813 34361 6276.34027   37  159 8092.00000 6270.87227  22.5%   115  435s
 98714 34977 6611.88380   32   59 8092.00000 6274.20559  22.5%   115  444s
 99426 35352 6567.93501   35   81 8092.00000 6274.73913  22.5%   115  449s
 100795 35750     cutoff   39      8092.00000 6277.12879  22.4%   115  455s
 102201 36197 6400.95497   34   59 8092.00000 6278.04833  22.4%   115  461s
 103541 36606 infeasible   51      8092.00000 6279.46879  22.4%   115  466s
 104925 37099 infeasible   38      8092.00000 6282.67742  22.4%   115  471s
 106308 37472     cutoff   41      8092.00000 6284.35581  22.3%   115  476s
 107515 37830     cutoff   34      8092.00000 6286.10572  22.3%   115  482s
 108858 38201 7996.50000   36   72 8092.00000 6287.67174  22.3%   115  488s
 110248 38409 infeasible   45      8092.00000 6290.06234  22.3%   115  493s
 110901 38852 6521.00086   30   88 8092.00000 6290.56793  22.3%   115  499s
 112523 39309 6996.77944   38   88 8092.00000 6293.80439  22.2%   115  504s
 113953 39716 6307.80233   33  127 8092.00000 6295.54276  22.2%   115  510s
*115372 28963              46    6923.0022124 6297.36944  9.04%   114  510s
 115419 28864 6633.02084   37   68 6923.00221 6297.36944  9.04%   114  515s
 116473 29066     cutoff   33      6923.00221 6298.51264  9.02%   114  520s
 117885 29219 6785.00052   38  110 6923.00221 6301.41375  8.98%   114  526s
 118708 29450 6740.59025   43   38 6923.00221 6302.50189  8.96%   114  532s
 120270 29521 6557.17999   39  121 6923.00221 6303.91648  8.94%   114  536s
 121101 29753 6641.00627   49   20 6923.00221 6304.90109  8.93%   114  541s
 122587 30154 6661.08413   55    6 6923.00221 6306.97694  8.90%   113  546s
 124474 30307     cutoff   42      6923.00221 6308.00651  8.88%   113  550s
 127202 30635     cutoff   41      6923.00221 6312.75155  8.81%   112  559s
 128729 30802 6380.89603   33   91 6923.00221 6315.25527  8.78%   112  563s
 129954 30940 6569.00954   42   71 6923.00221 6317.08638  8.75%   112  567s
 131206 31110 6479.11392   36  128 6923.00221 6319.25796  8.72%   112  571s
 132578 31258     cutoff   33      6923.00221 6320.68206  8.70%   112  575s
 135119 31511 6388.60153   37   65 6923.00221 6325.57176  8.63%   111  583s
 136378 31679 6570.06737   38   90 6923.00221 6326.85297  8.61%   111  587s
 137674 31819     cutoff   44      6923.00221 6328.09247  8.59%   111  591s
 138790 31928     cutoff   44      6923.00221 6330.00000  8.57%   111  596s
 139713 32093 6687.06087   37   40 6923.00221 6330.76360  8.55%   111  600s
 140946 32168     cutoff   45      6923.00221 6333.46740  8.52%   111  605s
 142058 32315 6621.70444   35   88 6923.00221 6334.95853  8.49%   111  610s
 144522 32569 6773.12005   39  125 6923.00221 6338.99987  8.44%   111  618s
 145581 32673 6796.55754   38   59 6923.00221 6340.04634  8.42%   111  623s
 147043 32765     cutoff   53      6923.00221 6342.29317  8.39%   111  626s
 147865 32869 infeasible   41      6923.00221 6343.93100  8.36%   110  630s
 149834 33015 6814.11404   40   66 6923.00221 6346.31576  8.33%   110  640s
 152682 33348 6900.07621   44   68 6923.00221 6351.39059  8.26%   110  649s
*152962 28644              47    6775.0021804 6351.42219  6.25%   110  649s
 154197 28688 infeasible   39      6775.00218 6353.66006  6.22%   110  653s
 155603 28784     cutoff   28      6775.00218 6356.46318  6.18%   110  658s
 156956 28822     cutoff   40      6775.00218 6357.96489  6.16%   110  662s
 158248 28882     cutoff   36      6775.00218 6360.45899  6.12%   110  667s
 159592 28935 6563.01535   44   39 6775.00218 6362.00629  6.10%   110  672s
 160540 28976 6572.58999   51  165 6775.00218 6362.32982  6.09%   110  675s
 161811 29037 6403.00463   35   61 6775.00218 6365.63251  6.04%   109  680s
 163090 29065 infeasible   47      6775.00218 6367.99979  6.01%   109  685s
 164402 29127 6527.09933   35  131 6775.00218 6370.40350  5.97%   109  691s
 165663 29120 6519.00986   38   75 6775.00218 6372.37407  5.94%   109  697s
 166973 29126     cutoff   42      6775.00218 6374.55404  5.91%   109  701s
 168169 29203 infeasible   34      6775.00218 6376.00622  5.89%   109  706s
 169573 29261 6414.75819   49  124 6775.00218 6378.47400  5.85%   109  712s
 170984 29289 infeasible   38      6775.00218 6380.00844  5.83%   109  716s
 172301 29295     cutoff   45      6775.00218 6381.81980  5.80%   109  722s
 172874 29333     cutoff   36      6775.00218 6382.82543  5.79%   109  726s
 174154 29383     cutoff   40      6775.00218 6384.46232  5.76%   109  731s
 175470 29385 infeasible   34      6775.00218 6387.79802  5.72%   109  736s
 176809 29420 6553.99917   30   85 6775.00218 6390.11770  5.68%   109  741s
*177123 19787              50    6600.0010453 6390.32170  3.18%   109  741s
H178190 19610                    6600.0010438 6392.59839  3.14%   109  746s
H178730  7687                    6495.0002099 6392.83878  1.57%   109  746s
 179388  7144     cutoff   40      6495.00021 6394.32208  1.55%   109  751s
 180498  6488 6413.28117   32   77 6495.00021 6398.05698  1.49%   108  756s
 181803  5783     cutoff   29      6495.00021 6407.99696  1.34%   108  760s
 183124  4979     cutoff   29      6495.00021 6416.52141  1.21%   108  765s
 185334  3320     cutoff   42      6495.00021 6428.70399  1.02%   108  773s

Cutting planes:
  Learned: 203
  Gomory: 14
  Cover: 260
  Implied bound: 1
  MIR: 388
  StrongCG: 35
  Flow cover: 525
  Inf proof: 32
  Zero half: 3
  Network: 9
  RLT: 15
  Relax-and-lift: 39

Explored 186704 nodes (20104199 simplex iterations) in 773.32 seconds (304.07 work units)
Thread count was 12 (of 12 available processors)

Solution count 10: 6495 6600 6775 ... 11772

Optimal solution found (tolerance 1.00e-02)
Best objective 6.495000209928e+03, best bound 6.446000000000e+03, gap 0.7544%
