
Gurobi 12.0.0 (win64) logging started Mon Dec 22 17:56:18 2025

Set parameter LogFile to value "Storage/Logs/log_____________2025_12_22_17_56_18.log"
Set parameter MIPGap to value 0.01
Set parameter OutputFlag to value 1
Gurobi Optimizer version 12.0.0 build v12.0.0rc1 (win64 - Windows 10.0 (19045.2))

CPU model: Intel(R) Core(TM) i7-9750H CPU @ 2.60GHz, instruction set [SSE2|AVX|AVX2]
Thread count: 6 physical cores, 12 logical processors, using up to 12 threads

Non-default parameters:
MIPGap  0.01
MIPFocus  1

Optimize a model with 6199 rows, 1432 columns and 16909 nonzeros
Model fingerprint: 0x4949702d
Variable types: 42 continuous, 1390 integer (802 binary)
Coefficient statistics:
  Matrix range     [2e-01, 1e+06]
  Objective range  [6e+01, 2e+05]
  Bounds range     [1e+00, 1e+00]
  RHS range        [1e+00, 1e+06]
Found heuristic solution: objective 1.126000e+07
Presolve removed 4214 rows and 242 columns
Presolve time: 0.02s
Presolved: 1985 rows, 1190 columns, 10479 nonzeros
Variable types: 42 continuous, 1148 integer (728 binary)

Root relaxation: objective 5.033000e+03, 1582 iterations, 0.03 seconds (0.03 work units)

    Nodes    |    Current Node    |     Objective Bounds      |     Work
 Expl Unexpl |  Obj  Depth IntInf | Incumbent    BestBd   Gap | It/Node Time

     0     0 5033.00000    0   18 1.1260e+07 5033.00000   100%     -    0s
H    0     0                    4025394.0000 5033.00000   100%     -    0s
H    0     0                    3465820.0000 5033.00000   100%     -    0s
H    0     0                    3465683.0000 5033.00000   100%     -    0s
H    0     0                    2985683.0000 5033.00000   100%     -    0s
     0     0 5033.00000    0   49 2985683.00 5033.00000   100%     -    0s
H    0     0                    2985534.0000 5033.00000   100%     -    0s
H    0     0                    1809275.9993 5033.00000   100%     -    0s
H    0     0                    1669275.9993 5033.00000   100%     -    0s
     0     0 5033.00000    0   38 1669276.00 5033.00000   100%     -    0s
H    0     0                    1529276.0000 5033.00000   100%     -    0s
     0     0 5040.46667    0   60 1529276.00 5040.46667   100%     -    0s
H    0     0                    1329766.0000 5040.46667   100%     -    0s
H    0     0                    852310.00000 5040.46667  99.4%     -    0s
H    0     0                    851948.00000 5040.46667  99.4%     -    0s
H    0     0                    711948.00000 5040.46667  99.3%     -    0s
     0     0 5087.32985    0   94 711948.000 5087.32985  99.3%     -    0s
     0     0 5107.74223    0  101 711948.000 5107.74223  99.3%     -    0s
     0     0 5119.32705    0   91 711948.000 5119.32705  99.3%     -    0s
     0     0 5125.85460    0  108 711948.000 5125.85460  99.3%     -    0s
     0     0 5130.06617    0  114 711948.000 5130.06617  99.3%     -    0s
     0     0 5131.26635    0  119 711948.000 5131.26635  99.3%     -    0s
     0     0 5131.31202    0  122 711948.000 5131.31202  99.3%     -    0s
     0     0 5223.95297    0  176 711948.000 5223.95297  99.3%     -    0s
H    0     0                    711474.00000 5250.39663  99.3%     -    0s
H    0     0                    571474.00000 5250.39663  99.1%     -    0s
H    0     0                    431474.00000 5250.39663  98.8%     -    0s
H    0     0                    151474.00000 5250.39663  96.5%     -    0s
     0     0 5250.39663    0  195 151474.000 5250.39663  96.5%     -    0s
     0     0 5266.24208    0  187 151474.000 5266.24208  96.5%     -    0s
     0     0 5281.20208    0  197 151474.000 5281.20208  96.5%     -    0s
     0     0 5283.12109    0  211 151474.000 5283.12109  96.5%     -    0s
     0     0 5293.65077    0  201 151474.000 5293.65077  96.5%     -    0s
H    0     0                    11611.000000 5299.53359  54.4%     -    0s
     0     0 5299.53359    0  223 11611.0000 5299.53359  54.4%     -    0s
     0     0 5312.02227    0  188 11611.0000 5312.02227  54.3%     -    1s
     0     0 5312.89332    0  225 11611.0000 5312.89332  54.2%     -    1s
     0     0 5320.08381    0  226 11611.0000 5320.08381  54.2%     -    1s
     0     0 5321.29025    0  239 11611.0000 5321.29025  54.2%     -    1s
     0     0 5328.09195    0  215 11611.0000 5328.09195  54.1%     -    1s
     0     0 5328.23536    0  229 11611.0000 5328.23536  54.1%     -    1s
     0     0 5328.88720    0  228 11611.0000 5328.88720  54.1%     -    1s
     0     0 5329.26282    0  221 11611.0000 5329.26282  54.1%     -    1s
     0     0 5329.26282    0  230 11611.0000 5329.26282  54.1%     -    1s
     0     0 5359.97755    0  244 11611.0000 5359.97755  53.8%     -    1s
     0     0 5366.35336    0  224 11611.0000 5366.35336  53.8%     -    1s
     0     0 5370.67059    0  190 11611.0000 5370.67059  53.7%     -    1s
     0     0 5371.33939    0  211 11611.0000 5371.33939  53.7%     -    1s
     0     0 5371.99085    0  169 11611.0000 5371.99085  53.7%     -    1s
     0     0 5372.07143    0  186 11611.0000 5372.07143  53.7%     -    1s
     0     0 5372.07143    0  174 11611.0000 5372.07143  53.7%     -    1s
     0     0 5373.57143    0  110 11611.0000 5373.57143  53.7%     -    1s

Cutting planes:
  Cover: 43
  MIR: 29
  StrongCG: 1
  Flow cover: 33
  Network: 10
  RLT: 2
  Relax-and-lift: 5

Explored 1 nodes (11300 simplex iterations) in 2.22 seconds (0.89 work units)
Thread count was 12 (of 12 available processors)

Solution count 10: 11611 151474 431474 ... 1.52928e+06

Solve interrupted
Best objective 1.161100000000e+04, best bound 5.373617245625e+03, gap 53.7196%
