
Gurobi 12.0.0 (win64) logging started Mon Dec 22 17:56:26 2025

Set parameter LogFile to value "Storage/Logs/log_____________2025_12_22_17_56_26.log"
Set parameter MIPGap to value 0.01
Set parameter OutputFlag to value 1
Gurobi Optimizer version 12.0.0 build v12.0.0rc1 (win64 - Windows 10.0 (19045.2))

CPU model: Intel(R) Core(TM) i7-9750H CPU @ 2.60GHz, instruction set [SSE2|AVX|AVX2]
Thread count: 6 physical cores, 12 logical processors, using up to 12 threads

Non-default parameters:
MIPGap  0.01
MIPFocus  1

Optimize a model with 6284 rows, 1440 columns and 17120 nonzeros
Model fingerprint: 0x1c7eef9b
Variable types: 42 continuous, 1398 integer (810 binary)
Coefficient statistics:
  Matrix range     [2e-01, 1e+06]
  Objective range  [7e+01, 2e+05]
  Bounds range     [1e+00, 1e+00]
  RHS range        [1e+00, 1e+06]
Found heuristic solution: objective 1.158000e+07
Presolve removed 4270 rows and 243 columns
Presolve time: 0.03s
Presolved: 2014 rows, 1197 columns, 10605 nonzeros
Variable types: 42 continuous, 1155 integer (735 binary)

Root relaxation: objective 4.671300e+03, 1807 iterations, 0.05 seconds (0.04 work units)

    Nodes    |    Current Node    |     Objective Bounds      |     Work
 Expl Unexpl |  Obj  Depth IntInf | Incumbent    BestBd   Gap | It/Node Time

     0     0 4671.30000    0   24 1.1580e+07 4671.30000   100%     -    0s
H    0     0                    9503314.0000 4671.30000   100%     -    0s
H    0     0                    6205819.0000 4671.30000   100%     -    0s
H    0     0                    6067949.0000 4671.30000   100%     -    0s
H    0     0                    5587949.0000 4671.30000   100%     -    0s
H    0     0                    5047829.0000 4671.30000   100%     -    0s
H    0     0                    4907829.0000 4671.30000   100%     -    0s
H    0     0                    3327829.0000 4671.30000   100%     -    0s
     0     0 4671.30000    0   85 3327829.00 4671.30000   100%     -    0s
H    0     0                    3187829.0000 4671.30000   100%     -    0s
     0     0 4671.30000    0   56 3187829.00 4671.30000   100%     -    0s
H    0     0                    3047829.0000 4683.39578   100%     -    0s
H    0     0                    2325699.0000 4683.39578   100%     -    0s
H    0     0                    1925699.0000 4683.39578   100%     -    0s
     0     0 4683.39578    0   94 1925699.00 4683.39578   100%     -    0s
H    0     0                    1729518.0000 4683.39578   100%     -    0s
H    0     0                    1589862.0000 4683.39578   100%     -    0s
H    0     0                    1449518.0000 4683.39578   100%     -    0s
H    0     0                    1309745.1201 4683.39578   100%     -    0s
H    0     0                    1309519.1201 4683.39578   100%     -    0s
H    0     0                    749519.12005 4683.39578  99.4%     -    0s
     0     0 4731.08583    0   99 749519.120 4731.08583  99.4%     -    0s
     0     0 4749.31425    0  102 749519.120 4749.31425  99.4%     -    0s
     0     0 4771.49925    0  102 749519.120 4771.49925  99.4%     -    0s
     0     0 4773.36496    0  118 749519.120 4773.36496  99.4%     -    0s
     0     0 4789.89168    0  111 749519.120 4789.89168  99.4%     -    0s
     0     0 4790.12648    0  126 749519.120 4790.12648  99.4%     -    0s
     0     0 4790.31945    0  138 749519.120 4790.31945  99.4%     -    0s
H    0     0                    207847.00000 4790.31945  97.7%     -    0s
H    0     0                    148226.00000 4862.94255  96.7%     -    0s
H    0     0                    8226.0000000 4862.94255  40.9%     -    0s
     0     0 4862.94255    0  171 8226.00000 4862.94255  40.9%     -    0s
H    0     0                    8022.0000000 4862.94255  39.4%     -    0s
H    0     0                    5819.0000000 4899.68666  15.8%     -    0s
     0     0 4899.68666    0  196 5819.00000 4899.68666  15.8%     -    0s
     0     0 4914.07134    0  214 5819.00000 4914.07134  15.6%     -    0s
     0     0 4914.54312    0  233 5819.00000 4914.54312  15.5%     -    0s
     0     0 4915.24516    0  253 5819.00000 4915.24516  15.5%     -    1s
     0     0 4920.77586    0  244 5819.00000 4920.77586  15.4%     -    1s
     0     0 4928.45604    0  205 5819.00000 4928.45604  15.3%     -    1s
     0     0 4935.95041    0  215 5819.00000 4935.95041  15.2%     -    1s
     0     0 4937.63231    0  237 5819.00000 4937.63231  15.1%     -    1s
     0     0 4937.63574    0  239 5819.00000 4937.63574  15.1%     -    1s
     0     0 4951.45910    0  248 5819.00000 4951.45910  14.9%     -    1s
     0     0 4959.74301    0  230 5819.00000 4959.74301  14.8%     -    1s
     0     0 4962.07602    0  237 5819.00000 4962.07602  14.7%     -    1s
     0     0 4968.18803    0  229 5819.00000 4968.18803  14.6%     -    1s
     0     0 4970.51056    0  234 5819.00000 4970.51056  14.6%     -    1s
     0     0 4970.58688    0  246 5819.00000 4970.58688  14.6%     -    1s
     0     0 4970.80676    0  257 5819.00000 4970.80676  14.6%     -    1s
     0     0 4972.73252    0  249 5819.00000 4972.73252  14.5%     -    1s
     0     0 4972.74747    0  272 5819.00000 4972.74747  14.5%     -    1s
     0     0 4975.09378    0  206 5819.00000 4975.09378  14.5%     -    2s
     0     0 4975.14442    0   23 5819.00000 4975.14442  14.5%     -    2s
     0     0 4975.14442    0   44 5819.00000 4975.14442  14.5%     -    2s
     0     0 4975.14442    0  135 5819.00000 4975.14442  14.5%     -    2s
     0     0 4975.14442    0   91 5819.00000 4975.14442  14.5%     -    2s
     0     0 4975.14442    0  145 5819.00000 4975.14442  14.5%     -    2s
     0     0 4975.14442    0  183 5819.00000 4975.14442  14.5%     -    2s
     0     0 4975.14442    0  175 5819.00000 4975.14442  14.5%     -    2s
     0     0 4975.14442    0  180 5819.00000 4975.14442  14.5%     -    2s
     0     0 4975.14442    0  179 5819.00000 4975.14442  14.5%     -    2s
     0     0 4975.14442    0  191 5819.00000 4975.14442  14.5%     -    2s
     0     0 4975.14442    0  200 5819.00000 4975.14442  14.5%     -    3s
     0     0 4975.14442    0  211 5819.00000 4975.14442  14.5%     -    3s
     0     0 4975.14442    0  231 5819.00000 4975.14442  14.5%     -    3s
     0     0 4975.14442    0  236 5819.00000 4975.14442  14.5%     -    3s
     0     0 4975.14442    0  229 5819.00000 4975.14442  14.5%     -    3s
     0     0 4975.14442    0  241 5819.00000 4975.14442  14.5%     -    3s
     0     0 4975.14442    0  253 5819.00000 4975.14442  14.5%     -    3s
     0     0 4975.14442    0  187 5819.00000 4975.14442  14.5%     -    3s
     0     0 4975.14442    0  213 5819.00000 4975.14442  14.5%     -    3s
     0     0 4975.14442    0  259 5819.00000 4975.14442  14.5%     -    3s
     0     0 4975.14442    0  227 5819.00000 4975.14442  14.5%     -    3s
     0     0 4975.14442    0  242 5819.00000 4975.14442  14.5%     -    3s
     0     0 4983.32167    0  221 5819.00000 4983.32167  14.4%     -    3s
     0     0 4986.29986    0  215 5819.00000 4986.29986  14.3%     -    3s
     0     0 4993.07249    0  209 5819.00000 4993.07249  14.2%     -    3s
     0     0 4993.83646    0  234 5819.00000 4993.83646  14.2%     -    3s
     0     0 4993.87453    0  250 5819.00000 4993.87453  14.2%     -    3s
     0     0 4994.88163    0  243 5819.00000 4994.88163  14.2%     -    3s
     0     0 4995.40489    0  231 5819.00000 4995.40489  14.2%     -    3s
     0     0 4995.42393    0  257 5819.00000 4995.42393  14.2%     -    3s
     0     0 5000.28639    0  231 5819.00000 5000.28639  14.1%     -    3s
     0     0 5000.28813    0  254 5819.00000 5000.28813  14.1%     -    3s
     0     0 5001.69891    0  209 5819.00000 5001.69891  14.0%     -    4s
     0     2 5001.69891    0  197 5819.00000 5001.69891  14.0%     -    4s
    92    54 5766.09441   12   91 5819.00000 5003.14101  14.0%   196    5s
   847   144 5143.43137    9  134 5819.00000 5101.58205  12.3%   186   10s

Cutting planes:
  Learned: 64
  Gomory: 6
  Cover: 198
  MIR: 264
  StrongCG: 27
  Flow cover: 113
  Inf proof: 1
  Zero half: 2
  Network: 15
  RLT: 6
  Relax-and-lift: 25

Explored 1551 nodes (310203 simplex iterations) in 12.97 seconds (7.96 work units)
Thread count was 12 (of 12 available processors)

Solution count 10: 5819 8022 8226 ... 1.58986e+06

Optimal solution found (tolerance 1.00e-02)
Best objective 5.819000000000e+03, best bound 5.819000000000e+03, gap 0.0000%
