
Gurobi 12.0.0 (win64) logging started Tue Dec 30 12:56:47 2025

Set parameter LogFile to value "Storage/Logs/log_____________2025_12_30_12_56_47.log"
Set parameter MIPGap to value 0.01
Set parameter OutputFlag to value 1
Gurobi Optimizer version 12.0.0 build v12.0.0rc1 (win64 - Windows 10.0 (19045.2))

CPU model: Intel(R) Core(TM) i7-9750H CPU @ 2.60GHz, instruction set [SSE2|AVX|AVX2]
Thread count: 6 physical cores, 12 logical processors, using up to 12 threads

Non-default parameters:
MIPGap  0.01
MIPFocus  1

Optimize a model with 4698 rows, 1163 columns and 12734 nonzeros
Model fingerprint: 0x170e688a
Variable types: 35 continuous, 1128 integer (708 binary)
Coefficient statistics:
  Matrix range     [2e-01, 1e+03]
  Objective range  [9e+01, 4e+03]
  Bounds range     [1e+00, 1e+00]
  RHS range        [1e+00, 1e+03]
Found heuristic solution: objective 11320.000000
Presolve removed 3038 rows and 211 columns
Presolve time: 0.01s
Presolved: 1660 rows, 952 columns, 8078 nonzeros
Variable types: 35 continuous, 917 integer (637 binary)

Root relaxation: objective 5.794450e+03, 1968 iterations, 0.04 seconds (0.06 work units)

    Nodes    |    Current Node    |     Objective Bounds      |     Work
 Expl Unexpl |  Obj  Depth IntInf | Incumbent    BestBd   Gap | It/Node Time

     0     0 5794.45000    0   31 11320.0000 5794.45000  48.8%     -    0s
H    0     0                    10974.000000 5794.45000  47.2%     -    0s
H    0     0                    9974.0000000 5794.45000  41.9%     -    0s
H    0     0                    9904.0000000 5794.45000  41.5%     -    0s
H    0     0                    9836.0000000 5794.45000  41.1%     -    0s
H    0     0                    9556.0000000 5794.45000  39.4%     -    0s
H    0     0                    9076.0000000 5794.45000  36.2%     -    0s
H    0     0                    8876.0000000 5794.74961  34.7%     -    0s
H    0     0                    8539.0000000 5794.74961  32.1%     -    0s
     0     0 5795.45000    0   41 8539.00000 5795.45000  32.1%     -    0s
     0     0 5820.95000    0   42 8539.00000 5820.95000  31.8%     -    0s
     0     0 5828.70000    0   42 8539.00000 5828.70000  31.7%     -    0s
     0     0 5869.75000    0   70 8539.00000 5869.75000  31.3%     -    0s
     0     0 5882.36287    0   92 8539.00000 5882.36287  31.1%     -    0s
H    0     0                    8486.0000000 5888.10833  30.6%     -    0s
H    0     0                    7946.0000000 5888.10833  25.9%     -    0s
     0     0 5888.10833    0   75 7946.00000 5888.10833  25.9%     -    0s
     0     0 5888.10833    0   77 7946.00000 5888.10833  25.9%     -    0s
     0     0 5980.18188    0  135 7946.00000 5980.18188  24.7%     -    0s
     0     0 6023.96642    0  106 7946.00000 6023.96642  24.2%     -    0s
     0     0 6035.94549    0   84 7946.00000 6035.94549  24.0%     -    0s
     0     0 6039.52679    0   99 7946.00000 6039.52679  24.0%     -    0s
     0     0 6041.03998    0  138 7946.00000 6041.03998  24.0%     -    0s
     0     0 6043.54908    0  147 7946.00000 6043.54908  23.9%     -    0s
     0     0 6052.77869    0  168 7946.00000 6052.77869  23.8%     -    0s
     0     0 6054.64213    0  147 7946.00000 6054.64213  23.8%     -    0s
H    0     0                    7866.0000000 6055.54404  23.0%     -    0s
     0     0 6055.54404    0  161 7866.00000 6055.54404  23.0%     -    0s
     0     0 6057.95593    0  152 7866.00000 6057.95593  23.0%     -    0s
     0     0 6058.58318    0  164 7866.00000 6058.58318  23.0%     -    0s
     0     0 6058.77536    0  129 7866.00000 6058.77536  23.0%     -    0s
     0     0 6058.81855    0  178 7866.00000 6058.81855  23.0%     -    0s
     0     0 6058.82817    0  174 7866.00000 6058.82817  23.0%     -    0s
     0     0 6082.77874    0  196 7866.00000 6082.77874  22.7%     -    0s
H    0     0                    7689.0000000 6098.65550  20.7%     -    0s
     0     0 6098.65550    0  173 7689.00000 6098.65550  20.7%     -    0s
H    0     0                    7609.0000000 6102.57933  19.8%     -    0s
     0     0 6102.57933    0  189 7609.00000 6102.57933  19.8%     -    0s
     0     0 6114.89426    0  158 7609.00000 6114.89426  19.6%     -    0s
     0     0 6118.77584    0  185 7609.00000 6118.77584  19.6%     -    0s
     0     0 6118.93829    0  209 7609.00000 6118.93829  19.6%     -    0s
     0     0 6118.94266    0  196 7609.00000 6118.94266  19.6%     -    0s
     0     0 6131.62818    0  178 7609.00000 6131.62818  19.4%     -    0s
     0     0 6131.87602    0   19 7609.00000 6131.87602  19.4%     -    1s
     0     0 6131.87602    0   56 7609.00000 6131.87602  19.4%     -    1s
     0     0 6131.87602    0   84 7609.00000 6131.87602  19.4%     -    1s
     0     0 6131.87602    0  101 7609.00000 6131.87602  19.4%     -    1s
     0     0 6131.87602    0  124 7609.00000 6131.87602  19.4%     -    1s
H    0     0                    7509.0000000 6131.87602  18.3%     -    1s
     0     0 6131.87602    0  116 7509.00000 6131.87602  18.3%     -    1s
     0     0 6131.87602    0  131 7509.00000 6131.87602  18.3%     -    1s
     0     0 6131.87602    0  136 7509.00000 6131.87602  18.3%     -    1s
     0     0 6131.87602    0  141 7509.00000 6131.87602  18.3%     -    1s
     0     0 6131.87602    0  145 7509.00000 6131.87602  18.3%     -    1s
     0     0 6131.87602    0  151 7509.00000 6131.87602  18.3%     -    1s
     0     0 6131.87602    0  157 7509.00000 6131.87602  18.3%     -    1s
     0     0 6140.96037    0  122 7509.00000 6140.96037  18.2%     -    1s
     0     0 6142.04186    0  158 7509.00000 6142.04186  18.2%     -    1s
     0     0 6142.96795    0  150 7509.00000 6142.96795  18.2%     -    1s
     0     0 6143.05695    0  165 7509.00000 6143.05695  18.2%     -    1s
     0     0 6143.13583    0  166 7509.00000 6143.13583  18.2%     -    1s
     0     0 6151.18584    0  151 7509.00000 6151.18584  18.1%     -    1s
     0     0 6153.85318    0  143 7509.00000 6153.85318  18.0%     -    1s
     0     0 6153.85318    0  150 7509.00000 6153.85318  18.0%     -    1s
     0     0 6215.40000    0   96 7509.00000 6215.40000  17.2%     -    1s
     0     0 6217.21053    0   88 7509.00000 6217.21053  17.2%     -    1s
H    0     0                    7171.0000000 6217.22105  13.3%     -    1s
H    0     0                    7031.0000000 6217.22105  11.6%     -    1s
     0     0 6217.22105    0  106 7031.00000 6217.22105  11.6%     -    1s
     0     0 6217.42105    0  112 7031.00000 6217.42105  11.6%     -    1s
     0     0 6217.42105    0  109 7031.00000 6217.42105  11.6%     -    1s
     0     0 6225.87847    0  114 7031.00000 6225.87847  11.5%     -    1s
H    0     2                    6831.0000000 6225.87847  8.86%     -    1s
     0     2 6225.87847    0  105 6831.00000 6225.87847  8.86%     -    1s
H   33    44                    6691.0000000 6238.19861  6.77%   204    1s
H   94    86                    6676.0000000 6238.19861  6.56%   124    1s
H  178   128                    6591.0000000 6248.94902  5.19%   115    2s
H  260   137                    6576.0000000 6260.82143  4.79%   103    2s
  3847   318 6552.38928   18   15 6576.00000 6480.15556  1.46%  72.3    5s

Cutting planes:
  Learned: 32
  Gomory: 3
  Cover: 150
  MIR: 67
  StrongCG: 8
  Flow cover: 91
  Inf proof: 1
  Relax-and-lift: 6

Explored 7692 nodes (510799 simplex iterations) in 8.84 seconds (7.35 work units)
Thread count was 12 (of 12 available processors)

Solution count 10: 6576 6591 6676 ... 7689

Optimal solution found (tolerance 1.00e-02)
Best objective 6.576000000000e+03, best bound 6.534000000000e+03, gap 0.6387%
