
Gurobi 12.0.0 (win64) logging started Mon Dec 22 17:05:20 2025

Set parameter LogFile to value "Storage/Logs/log_____________2025_12_22_17_05_20.log"
Set parameter MIPGap to value 0.01
Set parameter OutputFlag to value 1
Gurobi Optimizer version 12.0.0 build v12.0.0rc1 (win64 - Windows 10.0 (19045.2))

CPU model: Intel(R) Core(TM) i7-9750H CPU @ 2.60GHz, instruction set [SSE2|AVX|AVX2]
Thread count: 6 physical cores, 12 logical processors, using up to 12 threads

Non-default parameters:
MIPGap  0.01
MIPFocus  1

Optimize a model with 5958 rows, 1408 columns and 16304 nonzeros
Model fingerprint: 0x55e7bd3f
Variable types: 42 continuous, 1366 integer (778 binary)
Coefficient statistics:
  Matrix range     [2e-01, 1e+06]
  Objective range  [6e+01, 2e+05]
  Bounds range     [1e+00, 1e+00]
  RHS range        [1e+00, 1e+06]
Found heuristic solution: objective 1.060000e+07
Presolve removed 4046 rows and 239 columns
Presolve time: 0.02s
Presolved: 1912 rows, 1169 columns, 10129 nonzeros
Variable types: 42 continuous, 1127 integer (707 binary)

Root relaxation: objective 4.624400e+03, 1421 iterations, 0.04 seconds (0.03 work units)

    Nodes    |    Current Node    |     Objective Bounds      |     Work
 Expl Unexpl |  Obj  Depth IntInf | Incumbent    BestBd   Gap | It/Node Time

     0     0 4624.40000    0   20 1.0600e+07 4624.40000   100%     -    0s
H    0     0                    6863280.0000 4624.40000   100%     -    0s
H    0     0                    6443280.0000 4624.40000   100%     -    0s
H    0     0                    4845342.0000 4624.40000   100%     -    0s
H    0     0                    4705342.0000 4624.40000   100%     -    0s
H    0     0                    4425736.0000 4624.40000   100%     -    0s
H    0     0                    4165342.0000 4624.40000   100%     -    0s
H    0     0                    3605486.0000 4624.40000   100%     -    0s
H    0     0                    3405486.0000 4624.40000   100%     -    0s
     0     0 4624.40000    0   69 3405486.00 4624.40000   100%     -    0s
H    0     0                    3125486.0000 4624.40000   100%     -    0s
H    0     0                    2565521.0000 4624.40000   100%     -    0s
     0     0 4624.40000    0   44 2565521.00 4624.40000   100%     -    0s
     0     0 4628.80943    0   78 2565521.00 4628.80943   100%     -    0s
H    0     0                    1889045.0000 4628.80943   100%     -    0s
H    0     0                    1129045.0000 4628.80943   100%     -    0s
     0     0 4703.40630    0  126 1129045.00 4703.40630   100%     -    0s
H    0     0                    1047645.0000 4732.22916   100%     -    0s
H    0     0                    847645.00000 4732.22916  99.4%     -    0s
     0     0 4732.22916    0  119 847645.000 4732.22916  99.4%     -    0s
     0     0 4765.88015    0   89 847645.000 4765.88015  99.4%     -    0s
     0     0 4782.43499    0  123 847645.000 4782.43499  99.4%     -    0s
     0     0 4788.33838    0  126 847645.000 4788.33838  99.4%     -    0s
     0     0 4788.35237    0  133 847645.000 4788.35237  99.4%     -    0s
     0     0 4788.58178    0  132 847645.000 4788.58178  99.4%     -    0s
     0     0 4788.58178    0  132 847645.000 4788.58178  99.4%     -    0s
H    0     0                    571207.00000 4904.54396  99.1%     -    0s
     0     0 4904.54396    0  161 571207.000 4904.54396  99.1%     -    0s
     0     0 4927.76183    0  149 571207.000 4927.76183  99.1%     -    0s
     0     0 4951.07540    0  176 571207.000 4951.07540  99.1%     -    0s
     0     0 4955.95305    0  202 571207.000 4955.95305  99.1%     -    0s
     0     0 4959.32016    0  205 571207.000 4959.32016  99.1%     -    0s
     0     0 4960.18881    0  210 571207.000 4960.18881  99.1%     -    0s
     0     0 4971.98064    0  192 571207.000 4971.98064  99.1%     -    0s
H    0     0                    431359.00000 4981.96799  98.8%     -    0s
     0     0 4981.96799    0  172 431359.000 4981.96799  98.8%     -    0s
     0     0 4981.96799    0  188 431359.000 4981.96799  98.8%     -    1s
     0     0 4994.11761    0  193 431359.000 4994.11761  98.8%     -    1s
     0     0 5005.30023    0  162 431359.000 5005.30023  98.8%     -    1s
     0     0 5014.00424    0  190 431359.000 5014.00424  98.8%     -    1s
     0     0 5014.07465    0  224 431359.000 5014.07465  98.8%     -    1s
     0     0 5015.42809    0  208 431359.000 5015.42809  98.8%     -    1s
     0     0 5015.68280    0  222 431359.000 5015.68280  98.8%     -    1s
     0     0 5016.26729    0  228 431359.000 5016.26729  98.8%     -    1s
     0     0 5016.60062    0  241 431359.000 5016.60062  98.8%     -    1s
H    0     0                    297210.00000 5016.74092  98.3%     -    1s
H    0     0                    157210.00000 5016.74092  96.8%     -    1s
     0     0 5016.74092    0  248 157210.000 5016.74092  96.8%     -    1s
H    0     0                    19164.000000 5017.06533  73.8%     -    1s
     0     0 5017.06533    0  262 19164.0000 5017.06533  73.8%     -    1s
     0     0 5017.46470    0  276 19164.0000 5017.46470  73.8%     -    1s
     0     0 5017.46631    0  285 19164.0000 5017.46631  73.8%     -    1s
     0     0 5026.37534    0  215 19164.0000 5026.37534  73.8%     -    1s
     0     2 5026.40709    0  200 19164.0000 5026.40709  73.8%     -    2s
H    8    14                    15610.000000 5051.09773  67.6%   400    2s
H   73    78                    15474.000000 5058.34233  67.3%   185    3s
H   78    84                    15257.000000 5058.34233  66.8%   176    3s
   214   222 5445.22213   31  105 15257.0000 5058.34233  66.8%  97.0    5s
H  296   292                    15184.014242 5058.34233  66.7%  80.7    5s
H  297   298                    15184.014236 5058.34233  66.7%  80.8    5s
H  300   298                    15184.014230 5058.34233  66.7%  80.7    5s
H  332   325                    15184.014222 5058.34233  66.7%  78.7    6s
H  333   325                    15184.014216 5058.34233  66.7%  78.6    6s
H  335   325                    15183.999970 5058.34233  66.7%  78.5    6s
H  378   367                    15183.999964 5058.34233  66.7%  76.8    6s
H  380   367                    15183.999961 5058.34233  66.7%  76.6    6s
H  438   418                    15183.999944 5058.34233  66.7%  69.9    6s
H  517   484                    15183.999930 5058.34233  66.7%  64.6    7s
H  614   562                    15183.999926 5077.21131  66.6%  60.2    7s
H  676   600                    15183.999909 5088.68342  66.5%  59.0    7s
H  682   605                    15183.999900 5088.68342  66.5%  59.2    8s
H  756   658                    15183.999879 5088.68342  66.5%  58.1    8s
H  758   658                    15183.999878 5088.68342  66.5%  58.1    8s
H  838   698                    15183.999865 5094.83732  66.4%  56.9    8s
H  899   747                    15183.999842 5094.83732  66.4%  56.6    8s
H  977   805                    15183.999830 5094.83732  66.4%  53.5    9s
  1188   960 8350.20000   42   47 15183.9998 5100.60959  66.4%  51.9   10s
  1512  1198 9367.54946   93  203 15183.9998 5100.60959  66.4%  49.7   15s
  1551  1224 5495.35792   19  267 15183.9998 5100.96081  66.4%  48.4   20s
H 1597  1203                    15084.000000 5111.17923  66.1%  73.0   22s
H 1617  1149                    14968.000000 5111.17923  65.9%  77.6   22s
H 1659  1126                    11979.000000 5111.17923  57.3%  82.3   23s
H 1669  1081                    11773.000000 5111.17923  56.6%  83.9   23s
H 1709  1061                    11768.000000 5111.17923  56.6%  87.5   24s
  1720  1105 5934.20386   20  143 11768.0000 5111.17923  56.6%  88.6   25s
  2005  1254 8634.84068   31   82 11768.0000 5111.17923  56.6%   104   30s
  2246  1349 10425.0034   45   51 11768.0000 5115.17770  56.5%   106   35s
  2422  1366 5145.10063   20  256 11768.0000 5124.66957  56.5%   109   40s
  2581  1429 5549.77783   27  228 11768.0000 5124.66957  56.5%   110   45s
  2737  1484 6877.54590   41   78 11768.0000 5129.74634  56.4%   113   50s
H 2738  1436                    11729.000000 5129.74634  56.3%   113   50s
  2925  1515 10298.2895   52   79 11729.0000 5133.88106  56.2%   114   56s
  3044  1545 5249.38302   23  242 11729.0000 5133.88106  56.2%   114   60s
  3510  1801 8671.00038   20   68 11729.0000 5140.42015  56.2%   117   66s
  3932  1863 10240.7996   32   66 11729.0000 5156.69910  56.0%   120   70s
  4971  2577 6168.89800   32  151 11729.0000 5171.04037  55.9%   121   76s
  5971  3330 5964.05437   23  168 11729.0000 5212.69662  55.6%   127   80s
  7738  4445 5881.19224   18  208 11729.0000 5344.81536  54.4%   127   86s
  9186  5442 6063.22789   28  187 11729.0000 5463.53952  53.4%   128   91s
 10213  6137 6384.12967   36  176 11729.0000 5521.05828  52.9%   127   95s
 11988  7287 9738.20180   34   68 11729.0000 5822.45649  50.4%   128  101s
 13205  8143 10410.2058   36   60 11729.0000 5822.45649  50.4%   128  106s
 14556  9052 9513.00006   28   39 11729.0000 5863.42645  50.0%   128  112s
 15976 10033 6076.70489   24  121 11729.0000 5873.41006  49.9%   129  117s
 17596 10974 infeasible   38      11729.0000 5882.19369  49.8%   128  122s
 18419 11528 11491.8111   45   98 11729.0000 5886.10318  49.8%   128  125s
 20304 12371 6402.26414   30  132 11729.0000 5896.57131  49.7%   128  131s
 21779 13386 9965.20885   40   76 11729.0000 5901.02909  49.7%   128  137s
 22647 13945 6251.49943   35   82 11729.0000 5905.13342  49.7%   128  140s
 24397 15118 6581.68858   35  104 11729.0000 5911.68025  49.6%   128  146s
 26409 16209 infeasible   32      11729.0000 5917.04696  49.6%   128  153s
 27455 16805 5998.13965   23  164 11729.0000 5920.17501  49.5%   128  156s
 28369 17490 6236.49928   28  153 11729.0000 5923.99230  49.5%   128  160s
 29491 18125 6196.71131   30  166 11729.0000 5926.07349  49.5%   128  165s
 31786 19498 6035.91247   25  179 11729.0000 5931.06718  49.4%   128  174s
 33086 19669 6479.33101   21  143 11729.0000 5935.38117  49.4%   128  179s
 33364 20074 6491.99190   22   97 11729.0000 5935.70139  49.4%   128  184s
 33993 20752 6492.42047   23   97 11729.0000 5935.91371  49.4%   129  189s
 35127 21525 8052.80352   33  196 11729.0000 5938.86609  49.4%   128  195s
 36470 22453 10125.0272   44  109 11729.0000 5947.78867  49.3%   128  201s
 38172 23160 8510.96976   35  119 11729.0000 5954.79991  49.2%   128  207s
 39436 23799 9938.16219   44  110 11729.0000 5958.03376  49.2%   128  212s
 40546 24448 6143.00000   27  103 11729.0000 5960.54347  49.2%   128  217s
 41701 25126 10845.7651   41  105 11729.0000 5963.86050  49.2%   128  223s
 42975 25717 6522.11561   32  142 11729.0000 5965.89747  49.1%   128  228s
 44239 26339 infeasible   55      11729.0000 5969.79774  49.1%   128  232s
 45218 27063 9382.15001   38   49 11729.0000 5971.55706  49.1%   128  238s
 46487 27774 infeasible   31      11729.0000 5975.76390  49.1%   128  242s
 47779 28312 8026.61806   36  150 11729.0000 5979.13101  49.0%   128  247s
 49025 28993 infeasible   48      11729.0000 5980.28168  49.0%   128  253s
 50234 29635 6233.31586   21  143 11729.0000 5982.92415  49.0%   128  258s
 51372 30363 infeasible   48      11729.0000 5985.00375  49.0%   128  263s
 52569 31045 9236.94987   30  112 11729.0000 5986.67333  49.0%   128  267s
 53814 31648 6177.98331   26  106 11729.0000 5990.05091  48.9%   128  272s
 54855 32436 infeasible   35      11729.0000 5990.05091  48.9%   128  277s
 56312 33036 infeasible   47      11729.0000 5991.63342  48.9%   129  282s
 57619 33608 6403.68495   35  156 11729.0000 5995.76178  48.9%   128  287s
 58594 34357 6418.65033   27   59 11729.0000 5997.41650  48.9%   129  292s
 59935 35093 6455.02741   23  132 11729.0000 6000.33179  48.8%   129  297s
 61189 35786 6989.59439   34   99 11729.0000 6002.63626  48.8%   129  301s
 62506 36467 8831.01237   43   75 11729.0000 6004.29363  48.8%   129  306s
 63821 37099 7179.51012   37  103 11729.0000 6007.00228  48.8%   129  311s
 65225 37827 infeasible   41      11729.0000 6009.35025  48.8%   128  316s
 66509 38530 6556.51490   36   76 11729.0000 6011.31950  48.7%   128  321s
 67626 39245 6196.49743   29  122 11729.0000 6011.99085  48.7%   128  325s
 68736 39777 infeasible   36      11729.0000 6013.40814  48.7%   129  330s
 70012 40451 6815.02886   27  114 11729.0000 6014.37640  48.7%   128  335s
 71206 41203 6187.03600   26  102 11729.0000 6017.02913  48.7%   128  340s
 72580 42030 6128.91631   26  165 11729.0000 6019.56303  48.7%   128  346s
 74018 42759 6087.59161   23  156 11729.0000 6021.91613  48.7%   128  350s
 75289 43379 6033.49625   26  141 11729.0000 6023.80026  48.6%   128  355s
 77853 44622 6532.72942   33  128 11729.0000 6025.86668  48.6%   128  364s
 78967 45283 6742.16972   26  135 11729.0000 6028.86569  48.6%   128  368s
 80195 45990     cutoff   49      11729.0000 6030.03146  48.6%   128  373s
 81477 46592 9735.00757   34  113 11729.0000 6032.03488  48.6%   127  377s
 82525 47279 9473.81856   44  151 11729.0000 6033.70448  48.6%   128  382s
 83806 47880 6412.99402   30   44 11729.0000 6035.07550  48.5%   127  387s
 84813 48489 6111.22362   29  148 11729.0000 6036.88176  48.5%   128  394s
 85828 49204 6393.18387   37  112 11729.0000 6037.63323  48.5%   128  398s
 87100 49867 6454.65676   37  176 11729.0000 6039.64240  48.5%   128  403s
 88404 50402 6805.57466   37   97 11729.0000 6040.73831  48.5%   128  408s
 89367 51067 7201.83461   35  116 11729.0000 6041.43789  48.5%   127  413s
 90675 51848 6709.58870   28   95 11729.0000 6044.04682  48.5%   127  419s
*91866 48993              55    10795.001579 6045.22514  44.0%   127  419s
 91929 49578 9927.56625   40   86 10795.0016 6045.22514  44.0%   127  424s
 93119 50246 9836.42222   36   80 10795.0016 6047.40405  44.0%   127  430s
 94341 50352 8024.37191   28  184 10795.0016 6050.42535  44.0%   127  436s
 94532 50625 8028.22011   29  190 10795.0016 6050.88629  43.9%   127  441s
 95039 51233 8603.01411   32   88 10795.0016 6051.29703  43.9%   127  448s
 96161 51993 6247.89147   29  187 10795.0016 6051.74887  43.9%   127  455s
 97552 52377 10441.2191   32   94 10795.0016 6054.56840  43.9%   128  461s
 98297 53334 7507.01613   37  145 10795.0016 6055.80860  43.9%   128  468s
 100159 54239 9676.45643   49  169 10795.0016 6057.59908  43.9%   128  475s
*100789 35664              74    8771.0007882 6057.67440  30.9%   128  475s
 101795 35905     cutoff   38      8771.00079 6060.09903  30.9%   128  480s
 103143 36522 6638.90014   32   86 8771.00079 6062.92687  30.9%   128  486s
 104379 36933 6574.39354   31  152 8771.00079 6065.13327  30.9%   128  492s
 105541 37451 7038.66435   34  176 8771.00079 6066.91852  30.8%   128  498s
 106776 38056 infeasible   34      8771.00079 6068.17213  30.8%   129  504s
 108102 38620     cutoff   32      8771.00079 6071.58163  30.8%   129  510s
 109401 38702 6483.33350   26  117 8771.00079 6072.82569  30.8%   129  517s
 109592 41153 6702.01607   27  118 8771.00079 6073.18861  30.8%   129  549s
 114526 41153 6168.83494   22  163 8771.00079 6073.78980  30.8%   129  550s
 115591 41905 6947.11428   37   86 8771.00079 6080.63864  30.7%   129  557s
 117251 42583 infeasible   32      8771.00079 6085.83567  30.6%   129  564s
 118695 42681 8363.99843   41   78 8771.00079 6088.35241  30.6%   129  572s
 118914 43306 6482.58236   21   70 8771.00079 6088.36062  30.6%   129  578s
 120385 43946 6203.50276   27   95 8771.00079 6090.12347  30.6%   130  586s
 121941 44681 6725.21584   22  129 8771.00079 6091.59031  30.5%   130  593s
 123485 45346 6235.43884   34  122 8771.00079 6094.33134  30.5%   130  599s
 124960 45841 8593.78343   34   93 8771.00079 6096.34964  30.5%   130  606s
 126310 46448 8464.22228   42  112 8771.00079 6098.22941  30.5%   130  612s
 127675 46961 6447.37349   19  148 8771.00079 6099.64619  30.5%   130  617s
 128879 47538 infeasible   34      8771.00079 6102.22451  30.4%   130  623s
 130164 48024 infeasible   24      8771.00079 6103.94466  30.4%   130  629s
 131357 48450 6567.35656   26  163 8771.00079 6105.17146  30.4%   131  633s
H131940 47196                    8590.0000903 6105.69350  28.9%   131  633s
 132431 47440 8566.00082   38   72 8590.00009 6106.85517  28.9%   131  640s
 133159 47931 infeasible   40      8590.00009 6106.85517  28.9%   131  646s
 134292 48557 6349.85538   24  110 8590.00009 6107.00181  28.9%   131  652s
 135709 49080 8536.54080   40  127 8590.00009 6110.97183  28.9%   131  658s
 137062 49663 6466.54157   30  122 8590.00009 6112.42653  28.8%   131  666s
 138448 50116 7126.01194   37  132 8590.00009 6113.10200  28.8%   131  672s
 139786 50593 6255.39411   20  178 8590.00009 6116.02551  28.8%   131  679s
 141124 51135 6808.60623   34   95 8590.00009 6116.69110  28.8%   131  685s
 142469 51641 6367.76743   32  200 8590.00009 6118.29537  28.8%   131  692s
 143743 52098 infeasible   41      8590.00009 6120.19950  28.8%   131  698s
 144928 52648 8299.58776   36  120 8590.00009 6121.64704  28.7%   131  703s
 146168 53170     cutoff   36      8590.00009 6122.67094  28.7%   132  709s
 147522 53463 6378.02845   26  166 8590.00009 6124.75089  28.7%   132  715s
H148281 53463                    8590.0000389 6124.75089  28.7%   132  715s
 148461 53482 6446.99906   37  133 8590.00004 6125.21281  28.7%   132  722s
 148538 53515 6448.99879   38  133 8590.00004 6125.66074  28.7%   132  728s
 148618 53708 6453.99826   39  137 8590.00004 6125.66074  28.7%   132  734s
 149245 54264 6250.07203   20  106 8590.00004 6126.28200  28.7%   132  742s
 150759 54841 6689.06242   34  122 8590.00004 6127.42580  28.7%   132  750s
 152377 55422 6286.60167   30  176 8590.00004 6129.38532  28.6%   132  758s
 153903 55872 8519.00190   32   71 8590.00004 6131.74221  28.6%   132  764s
 155446 56159 6263.74055   23  165 8590.00004 6133.31508  28.6%   132  770s
 156175 56563 6264.83905   24  151 8590.00004 6133.36686  28.6%   132  776s
 157372 57118 6960.41058   35  161 8590.00004 6134.36052  28.6%   132  783s
 158756 57709 6402.54238   30  114 8590.00004 6137.03388  28.6%   132  789s
 160248 58168 6257.97056   32  186 8590.00004 6138.47817  28.5%   132  796s
 161546 58775 6623.31773   29  137 8590.00004 6141.06416  28.5%   132  803s
 162928 59305 6389.21021   35  148 8590.00004 6143.31819  28.5%   132  810s
 164306 59808 6799.98820   34   64 8590.00004 6144.15215  28.5%   132  815s
 165600 60163 6902.52127   32  176 8590.00004 6146.16589  28.4%   133  821s
 166784 60448 8291.86398   31   76 8590.00004 6147.50133  28.4%   133  827s
 168044 60901 6740.05871   35  110 8590.00004 6148.80908  28.4%   133  833s
 169326 61349 6162.17242   30  156 8590.00004 6150.61803  28.4%   133  839s
 170544 61877 6682.00226   29  107 8590.00004 6151.76622  28.4%   133  845s
 171917 62312 6689.98843   34   96 8590.00004 6153.03887  28.4%   133  850s
 173082 62708 infeasible   33      8590.00004 6153.85428  28.4%   133  856s
 174300 62924 6735.00861   39  114 8590.00004 6155.27680  28.3%   133  863s
 175008 63360     cutoff   39      8590.00004 6156.08947  28.3%   133  869s
 176151 63814 infeasible   39      8590.00004 6157.01144  28.3%   133  875s
 177344 64215     cutoff   29      8590.00004 6158.64483  28.3%   133  881s
 178520 64700 infeasible   37      8590.00004 6160.02669  28.3%   133  888s
 179873 65162 6367.68863   29  104 8590.00004 6161.21976  28.3%   133  894s
 181097 65490     cutoff   43      8590.00004 6162.69829  28.3%   133  900s
H181885 63023                    8402.0002225 6162.89824  26.6%   133  900s
 182106 63160 6339.15010   33  169 8402.00022 6163.47526  26.6%   133  906s
 182483 64595 6347.62427   34  157 8402.00022 6163.47526  26.6%   133  924s
 186301 65102 6832.43027   37  177 8402.00022 6167.32851  26.6%   133  931s
 187698 65646 6434.21085   37  153 8402.00022 6169.68680  26.6%   133  939s
 189121 66146 6450.99940   24  107 8402.00022 6171.33118  26.5%   133  944s
 190476 66681 6253.43349   32  146 8402.00022 6172.66845  26.5%   134  950s
 191830 67167 infeasible   50      8402.00022 6174.02096  26.5%   134  956s
 193129 67649 6778.82042   37  160 8402.00022 6175.63892  26.5%   134  963s
 194449 68062 6991.50787   39   60 8402.00022 6177.11207  26.5%   134  970s
 195750 68461 infeasible   44      8402.00022 6178.18326  26.5%   134  976s
H195993 68461                    8402.0001318 6178.42368  26.5%   134  976s
 197017 68964 7204.38888   32  100 8402.00013 6179.47245  26.5%   134  982s
 198200 69280 6285.82635   36  219 8402.00013 6180.53882  26.4%   134  988s
 199131 69697 6401.70176   28  150 8402.00013 6181.45531  26.4%   134  993s
 200490 70096 8311.32698   30   74 8402.00013 6182.83266  26.4%   134  999s
 201695 70415 6755.91689   25  176 8402.00013 6184.08321  26.4%   134 1005s
 202501 70949 6616.49200   26  126 8402.00013 6184.95832  26.4%   134 1013s
 203937 71342     cutoff   35      8402.00013 6186.52653  26.4%   134 1020s
 205288 71730 infeasible   32      8402.00013 6186.93971  26.4%   134 1026s
 206624 72080 infeasible   29      8402.00013 6188.97893  26.3%   134 1032s
 207969 72501 6375.05918   28  156 8402.00013 6190.41769  26.3%   134 1039s
 209263 72932 infeasible   47      8402.00013 6191.62102  26.3%   134 1043s
 210528 73400 6817.48000   32  112 8402.00013 6192.95607  26.3%   134 1051s
 211897 73842     cutoff   35      8402.00013 6194.42859  26.3%   134 1057s
 213213 74310 7402.04003   42  135 8402.00013 6196.13964  26.3%   134 1064s
 214553 74734 6389.00726   29   93 8402.00013 6197.82322  26.2%   134 1070s
 215627 75171 6868.37834   43  103 8402.00013 6198.80371  26.2%   135 1076s
 216833 75420 6524.72225   35  156 8402.00013 6199.82510  26.2%   135 1082s
 217672 75920 infeasible   30      8402.00013 6200.86629  26.2%   135 1089s
 219049 76372 6920.51551   39  136 8402.00013 6202.18789  26.2%   135 1094s
 220345 76752     cutoff   35      8402.00013 6203.55978  26.2%   135 1099s
 221454 77067     cutoff   25      8402.00013 6204.95610  26.1%   135 1106s
 222356 77520 7041.87921   33  161 8402.00013 6205.36119  26.1%   135 1113s
 223727 78048 7940.63467   33   86 8402.00013 6206.65273  26.1%   135 1119s
 225077 78457 7023.00612   35  129 8402.00013 6208.17797  26.1%   135 1126s
 226221 78806 6402.45724   32  135 8402.00013 6208.95397  26.1%   135 1133s
 227230 79094 6553.42859   26   98 8402.00013 6209.57955  26.1%   135 1142s
 228226 79560 6935.04441   43   94 8402.00013 6210.86915  26.1%   135 1150s
 229592 79975 6867.78091   32  112 8402.00013 6211.35496  26.1%   135 1157s
 230925 80062 infeasible   41      8402.00013 6213.33610  26.0%   135 1163s
 231292 80433 6465.01284   33  155 8402.00013 6213.55347  26.0%   135 1170s
 232554 80903 6666.31494   28  111 8402.00013 6214.65242  26.0%   135 1176s
 234068 81065 6376.20558   26  193 8402.00013 6215.98488  26.0%   135 1183s
 234670 81307 6624.81088   32  127 8402.00013 6216.69521  26.0%   135 1189s
 235511 81819 infeasible   41      8402.00013 6217.12938  26.0%   135 1195s
 236976 82154 infeasible   35      8402.00013 6218.53352  26.0%   135 1202s
 237919 82688 6320.80352   34  122 8402.00013 6219.09935  26.0%   135 1210s
 239510 83193     cutoff   34      8402.00013 6221.23266  26.0%   135 1216s
 240939 83537 6627.59920   32  153 8402.00013 6222.06554  25.9%   135 1223s
 241928 83987 infeasible   30      8402.00013 6223.48509  25.9%   135 1229s
 243101 83987 infeasible   40      8402.00013 6223.89734  25.9%   135 1230s
 243362 84383     cutoff   40      8402.00013 6225.01633  25.9%   135 1236s
 244761 84884 6727.50960   31  104 8402.00013 6225.50214  25.9%   135 1242s
 246079 85345     cutoff   44      8402.00013 6226.99489  25.9%   135 1248s
 247346 85584 infeasible   52      8402.00013 6228.17213  25.9%   135 1254s
 248077 85932 6308.66816   30  113 8402.00013 6228.54005  25.9%   135 1261s
 249240 86244 8365.61947   28  114 8402.00013 6228.58707  25.9%   135 1267s
 250394 86625 6592.19334   35  172 8402.00013 6229.49265  25.9%   135 1273s
 251630 87097 6685.51281   27  149 8402.00013 6231.39569  25.8%   135 1280s
 253016 87483 6383.73201   27  163 8402.00013 6233.46870  25.8%   135 1286s
 254292 87748 6578.20051   35   92 8402.00013 6234.71755  25.8%   135 1292s
 255095 88089 6922.01293   27  130 8402.00013 6235.17808  25.8%   135 1298s
 256359 88451 6497.73741   31  132 8402.00013 6236.23247  25.8%   135 1304s
 257567 88841 6663.49272   38  103 8402.00013 6237.53944  25.8%   135 1311s
 258720 89273 6885.44482   35   84 8402.00013 6238.53997  25.7%   136 1318s
 260054 89586 7154.78818   35  134 8402.00013 6239.99760  25.7%   136 1325s
 261294 89973 infeasible   37      8402.00013 6240.63955  25.7%   136 1331s
 262542 90332 6638.57889   36  153 8402.00013 6241.37104  25.7%   136 1337s
 263797 90699 6576.55624   30  103 8402.00013 6243.15273  25.7%   136 1343s
 264807 91125 8034.00097   38  125 8402.00013 6243.74079  25.7%   136 1349s
 266145 91430     cutoff   30      8402.00013 6245.00734  25.7%   135 1355s
 267313 91923 6340.98761   35  152 8402.00013 6246.31268  25.7%   136 1360s
 268557 92229 7134.99227   38  110 8402.00013 6247.21058  25.6%   136 1367s
 269359 92572 6514.56774   32  165 8402.00013 6247.36457  25.6%   136 1374s
 270537 92975 7733.22151   39   82 8402.00013 6248.79691  25.6%   136 1379s
 271896 93195 6471.82854   30  206 8402.00013 6249.91080  25.6%   136 1385s
 272773 93598 infeasible   34      8402.00013 6249.91080  25.6%   136 1391s
 273978 94012 6600.61204   36  115 8402.00013 6251.15776  25.6%   136 1396s
 275112 94409     cutoff   34      8402.00013 6252.16747  25.6%   136 1402s
 276364 94954 6260.01017   35  181 8402.00013 6253.49709  25.6%   136 1408s
 277763 95139 6434.10383   33   86 8402.00013 6254.46364  25.6%   136 1414s
 278478 95602 8242.44812   36  116 8402.00013 6254.99689  25.6%   136 1420s
 279848 96018 infeasible   35      8402.00013 6255.86326  25.5%   136 1427s
 281276 96192 infeasible   27      8402.00013 6256.69498  25.5%   136 1432s
 281807 96460 8185.25991   36  111 8402.00013 6256.69498  25.5%   136 1438s
 282628 96926     cutoff   42      8402.00013 6257.24827  25.5%   136 1444s
 284102 97305 6596.99969   34  116 8402.00013 6259.01609  25.5%   136 1451s
 285418 97751 7083.00463   33   94 8402.00013 6260.00936  25.5%   136 1457s
 286845 98217 6585.36265   42  126 8402.00013 6261.48656  25.5%   136 1463s
 288139 98783 6418.10924   31  192 8402.00013 6261.97166  25.5%   136 1471s
 289594 99264 7074.81764   35  113 8402.00013 6262.99478  25.5%   135 1478s
 290911 99562 7308.20351   30   68 8402.00013 6264.37841  25.4%   135 1484s
 291796 100072 8115.60333   29   51 8402.00013 6264.40741  25.4%   136 1492s
 293410 100530 6916.17677   31  137 8402.00013 6264.84230  25.4%   135 1500s
 294990 100944 6602.07781   29  169 8402.00013 6266.95693  25.4%   135 1506s
 296310 101378 infeasible   32      8402.00013 6267.87788  25.4%   135 1513s
 297631 101780 6546.49553   21   51 8402.00013 6268.85161  25.4%   135 1519s
 298940 102232 6715.99553   21  105 8402.00013 6269.22041  25.4%   135 1526s
 300255 102415 6416.68016   28  139 8402.00013 6270.77970  25.4%   135 1533s
 300792 102805 6788.86285   30  168 8402.00013 6271.06831  25.4%   135 1539s
 302153 103260 8278.00592   30   68 8402.00013 6271.94822  25.4%   136 1546s
 303557 103454 7254.60246   33  110 8402.00013 6273.38386  25.3%   135 1552s
 304392 103869     cutoff   30      8402.00013 6273.99595  25.3%   135 1558s
 305736 104255 6526.10029   34   90 8402.00013 6274.88699  25.3%   135 1565s
 307066 104707 infeasible   43      8402.00013 6275.80000  25.3%   136 1571s
 308314 105168 6764.96431   38   84 8402.00013 6276.96451  25.3%   136 1578s
 309656 105606 6823.00828   41   82 8402.00013 6277.82538  25.3%   136 1585s
 310738 105614 7507.03168   38  137 8402.00013 6278.51051  25.3%   136 1592s
 310754 105691 infeasible   39      8402.00013 6278.51051  25.3%   136 1600s
 311015 106223 6284.57598   36  142 8402.00013 6278.83340  25.3%   136 1612s
 312890 106734     cutoff   44      8402.00013 6279.74262  25.3%   136 1620s
 314694 107211 6531.01194   34  103 8402.00013 6281.20821  25.2%   136 1628s
 316380 107597 6607.68764   33  131 8402.00013 6282.22869  25.2%   136 1635s
 317788 107937 6598.63197   40  174 8402.00013 6283.18687  25.2%   136 1642s
 318916 108358 infeasible   39      8402.00013 6283.88232  25.2%   136 1649s
 320303 108825 6519.81436   34  120 8402.00013 6284.65072  25.2%   136 1655s
 321794 109040 7053.55333   30  111 8402.00013 6285.27261  25.2%   136 1662s
 322490 109495 6796.05464   24  122 8402.00013 6285.42189  25.2%   136 1670s
 323938 109946 infeasible   40      8402.00013 6286.89730  25.2%   136 1677s
 325455 110188     cutoff   39      8402.00013 6287.50152  25.2%   136 1684s
 326459 110671 7451.77506   42  128 8402.00013 6288.12051  25.2%   136 1690s
 327973 111128     cutoff   31      8402.00013 6289.00996  25.1%   136 1697s
 329270 111531 7157.19075   28  114 8402.00013 6289.98195  25.1%   136 1703s
 330567 111886 7679.67121   39  111 8402.00013 6290.58119  25.1%   136 1709s
 331819 112198 6885.07496   25   87 8402.00013 6291.08241  25.1%   136 1715s
 332690 112586 7603.22609   33   87 8402.00013 6291.33267  25.1%   136 1721s
 334008 113004 infeasible   32      8402.00013 6292.69357  25.1%   136 1727s
 335235 113366 7665.07167   45   72 8402.00013 6293.52012  25.1%   136 1734s
 336336 113717 6721.99544   29   96 8402.00013 6293.99662  25.1%   136 1741s
 337645 113873 infeasible   37      8402.00013 6294.96198  25.1%   136 1747s
 338210 114274 6711.98532   30   77 8402.00013 6295.17974  25.1%   136 1754s
 339581 114712 6818.99569   35  153 8402.00013 6296.26685  25.1%   136 1760s
 340985 115143 6723.33376   31  125 8402.00013 6297.02855  25.1%   136 1767s
 342219 115450     cutoff   39      8402.00013 6297.88102  25.0%   136 1773s
 343368 115966 6348.61841   26  206 8402.00013 6298.61894  25.0%   136 1780s
 344694 116402 7223.48470   38  122 8402.00013 6299.01738  25.0%   136 1786s
 346098 116801     cutoff   29      8402.00013 6299.97785  25.0%   136 1792s
 347439 117080 6759.05131   36  113 8402.00013 6300.70136  25.0%   136 1798s
 348368 117372 6662.96901   37   93 8402.00013 6301.09498  25.0%   136 1805s
 349320 117817 infeasible   42      8402.00013 6301.73614  25.0%   136 1812s
 350809 118256 7707.78301   34  142 8402.00013 6302.90939  25.0%   136 1820s
 352109 118628 6756.97340   25  149 8402.00013 6303.84255  25.0%   136 1827s
 353337 119052 8183.04534   42  116 8402.00013 6304.00685  25.0%   136 1834s
 354709 119460     cutoff   43      8402.00013 6304.94531  25.0%   136 1840s
 356056 119643 infeasible   37      8402.00013 6305.57056  25.0%   136 1846s
 356652 119979 6319.75165   37  146 8402.00013 6305.74931  24.9%   136 1852s
 357797 120314 infeasible   29      8402.00013 6305.94803  24.9%   136 1859s
 359198 120693     cutoff   43      8402.00013 6306.33969  24.9%   136 1865s
 360641 121064 6647.02783   27   73 8402.00013 6308.47079  24.9%   135 1871s
 362003 121454 7269.83527   47  112 8402.00013 6309.00000  24.9%   135 1878s
 363310 121813 6646.02282   38   79 8402.00013 6309.81735  24.9%   135 1884s
 364490 122273 6688.58453   33  130 8402.00013 6310.50299  24.9%   136 1890s
 365884 122601 7333.21939   36   75 8402.00013 6311.01247  24.9%   136 1896s
 366990 122844 6950.98642   36  140 8402.00013 6311.52566  24.9%   136 1902s
 367805 123318 7113.92148   25  112 8402.00013 6311.93508  24.9%   135 1909s
 369181 123707 6383.03566   47  106 8402.00013 6312.88176  24.9%   135 1916s
 370533 124121 6894.33372   34  131 8402.00013 6313.45130  24.9%   135 1922s
 371764 124514 6881.74384   37  152 8402.00013 6313.99952  24.9%   135 1929s
 373084 124818 6735.08966   36  114 8402.00013 6314.72494  24.8%   135 1935s
 374112 125174 8175.99306   39   89 8402.00013 6315.33750  24.8%   135 1942s
 375463 125568 8030.88399   32  134 8402.00013 6316.01568  24.8%   135 1949s
 376781 125792 8247.32809   39   92 8402.00013 6316.86088  24.8%   135 1955s
 377426 126054 6792.39618   37   92 8402.00013 6316.99322  24.8%   135 1961s
 378379 126416 8218.49608   35  143 8402.00013 6317.01920  24.8%   135 1968s
 379549 126707 6982.01674   34  151 8402.00013 6317.92263  24.8%   135 1974s
 380955 127143     cutoff   33      8402.00013 6319.45187  24.8%   135 1980s
 382353 127523     cutoff   33      8402.00013 6320.33701  24.8%   135 1987s
 383719 127863 6600.01856   30  110 8402.00013 6321.00793  24.8%   135 1992s
 384903 128166 6634.02519   37  131 8402.00013 6321.73028  24.8%   135 1998s
 386026 128501 infeasible   52      8402.00013 6322.46100  24.8%   135 2005s
 387248 128856 6663.77242   38  187 8402.00013 6323.47638  24.7%   135 2011s
 388555 129152 7052.54062   36  119 8402.00013 6324.01753  24.7%   135 2016s
 389503 129594 7010.97993   34  147 8402.00013 6324.71004  24.7%   135 2023s
 390705 129956 6547.92452   28   80 8402.00013 6325.22920  24.7%   135 2029s
 392053 130415 infeasible   33      8402.00013 6326.08863  24.7%   135 2035s
 393288 130790 6885.73951   29  105 8402.00013 6326.84363  24.7%   135 2041s
 394671 130956 7371.91122   32  122 8402.00013 6327.55024  24.7%   135 2047s
 395130 131241 7024.49296   39  153 8402.00013 6327.55024  24.7%   135 2053s
 396008 131572 infeasible   35      8402.00013 6327.63912  24.7%   135 2060s
 397118 131859 6556.95946   28   73 8402.00013 6327.90702  24.7%   135 2066s
 398474 132198 6601.80122   32  143 8402.00013 6329.09407  24.7%   135 2072s
 399864 132645 7119.14791   33   93 8402.00013 6330.16260  24.7%   135 2079s
 401215 132863 6595.10199   29  118 8402.00013 6330.72122  24.7%   135 2085s
 401822 133698 6452.53901   32  166 8402.00013 6330.90954  24.6%   135 2098s
 404405 134130 6504.92542   36  140 8402.00013 6332.12884  24.6%   135 2106s
 405821 134138 infeasible   35      8402.00013 6333.16823  24.6%   135 2112s
 405865 134307 infeasible   33      8402.00013 6333.21133  24.6%   135 2117s
 406350 134564 6903.84665   30   82 8402.00013 6333.21273  24.6%   135 2124s
 407210 134928 7366.80428   36  133 8402.00013 6333.24913  24.6%   135 2132s
 408319 135376 6997.51078   38   91 8402.00013 6333.78273  24.6%   135 2141s
 409887 135864 6791.01648   40  122 8402.00013 6335.36323  24.6%   135 2149s
 411578 136230 6484.03223   32  141 8402.00013 6336.22461  24.6%   135 2156s
 413104 136598 infeasible   39      8402.00013 6337.03541  24.6%   135 2163s
 414253 136944 8102.45876   28  125 8402.00013 6337.53628  24.6%   135 2169s
 415662 137323     cutoff   38      8402.00013 6338.40620  24.6%   135 2176s
 417098 137734 7782.75768   39   85 8402.00013 6339.29372  24.6%   135 2184s
 418485 138039 6707.45284   33   81 8402.00013 6339.93469  24.5%   135 2192s
 419447 138446 7752.82865   33  107 8402.00013 6340.31772  24.5%   135 2199s
 420748 138857 7437.55104   35   99 8402.00013 6341.01672  24.5%   135 2205s
 422085 139136 8113.49834   48  103 8402.00013 6341.69951  24.5%   135 2211s
 423153 139436 7004.17758   31  106 8402.00013 6342.04371  24.5%   135 2217s
 424464 139651 6791.02592   34  111 8402.00013 6342.93461  24.5%   135 2223s
 425388 139668     cutoff   47      8402.00013 6343.20047  24.5%   135 2230s
 425436 140013 8039.25996   29   64 8402.00013 6343.31487  24.5%   135 2237s
 426731 140407 7004.40545   42  102 8402.00013 6343.99545  24.5%   135 2244s
 427956 140819 7114.10546   37   69 8402.00013 6344.81894  24.5%   135 2251s
 429268 141217 6582.00471   39   91 8402.00013 6345.44287  24.5%   135 2257s
 430607 141573 7201.77561   40  125 8402.00013 6346.20477  24.5%   135 2263s
 431816 141903 infeasible   39      8402.00013 6346.94974  24.5%   135 2269s
 433058 142131 7403.38932   39   80 8402.00013 6347.55294  24.5%   135 2275s
 433950 142507 6712.91765   35  146 8402.00013 6347.96781  24.4%   135 2281s
 435240 142916 6532.75892   42  113 8402.00013 6348.72637  24.4%   135 2287s
 436519 143236 7001.85003   34  116 8402.00013 6349.49611  24.4%   135 2294s
 437742 143621 6559.67270   25  217 8402.00013 6350.19186  24.4%   135 2300s
 439008 144004     cutoff   41      8402.00013 6350.75831  24.4%   135 2306s
 440213 144225 7277.61852   37   69 8402.00013 6351.38427  24.4%   135 2312s
 441130 144629     cutoff   38      8402.00013 6351.87118  24.4%   135 2319s
 442613 144971 6946.16036   35  137 8402.00013 6352.44263  24.4%   135 2327s
 443967 145373 7430.77859   24  175 8402.00013 6353.06214  24.4%   135 2334s
 445250 145770 7122.00516   38   95 8402.00013 6353.88784  24.4%   135 2341s
 446555 146022 7475.20903   30  151 8402.00013 6354.50122  24.4%   135 2347s
 447617 146375 6880.36620   39  128 8402.00013 6354.67925  24.4%   135 2354s
 448978 146708 7112.01690   28   52 8402.00013 6355.46265  24.4%   135 2360s
 450343 147068     cutoff   41      8402.00013 6356.40666  24.3%   135 2366s
 451689 147456 infeasible   43      8402.00013 6357.03321  24.3%   135 2373s
 452796 147844 6374.27633   33  247 8402.00013 6357.55053  24.3%   135 2380s
 453997 148236 7013.98881   40  100 8402.00013 6358.31431  24.3%   135 2387s
 455276 148460 6477.00126   24   93 8402.00013 6358.95644  24.3%   135 2394s
 455937 148704 infeasible   38      8402.00013 6359.03677  24.3%   135 2400s
 456687 149275 7134.01165   30   64 8402.00013 6359.04907  24.3%   135 2411s
 458568 149654     cutoff   36      8402.00013 6359.48657  24.3%   135 2420s
 460040 150089 6959.89238   31   81 8402.00013 6360.02844  24.3%   135 2429s
 461578 150261 8088.71226   34  114 8402.00013 6361.47411  24.3%   135 2436s
 462080 150733 infeasible   39      8402.00013 6361.97364  24.3%   135 2444s
 463570 151126 infeasible   42      8402.00013 6362.40840  24.3%   135 2452s
 465097 151503 6995.16786   26  154 8402.00013 6363.31833  24.3%   135 2460s
 466512 151884 6822.60582   33  124 8402.00013 6363.98673  24.3%   135 2466s
 467891 152248 6798.59614   33  124 8402.00013 6364.66730  24.2%   135 2473s
 469150 152649 6469.19080   31  140 8402.00013 6365.15117  24.2%   135 2479s
 470562 152975 infeasible   37      8402.00013 6365.88402  24.2%   135 2486s
 471844 153321 7053.44914   37  155 8402.00013 6366.35162  24.2%   135 2492s

Cutting planes:
  Learned: 388
  Gomory: 2
  Cover: 266
  Clique: 3
  MIR: 439
  StrongCG: 57
  Flow cover: 486
  Inf proof: 86
  Zero half: 2
  Network: 17
  RLT: 10
  Relax-and-lift: 50

Explored 473378 nodes (63777148 simplex iterations) in 2494.24 seconds (950.64 work units)
Thread count was 12 (of 12 available processors)

Solution count 10: 8402 8590 8771 ... 15084

Solve interrupted
Best objective 8.402000131783e+03, best bound 6.368000000000e+03, gap 24.2085%
