
Gurobi 12.0.0 (win64) logging started Mon Dec 22 17:58:10 2025

Set parameter LogFile to value "Storage/Logs/log_____________2025_12_22_17_58_10.log"
Set parameter MIPGap to value 0.01
Set parameter OutputFlag to value 1
Gurobi Optimizer version 12.0.0 build v12.0.0rc1 (win64 - Windows 10.0 (19045.2))

CPU model: Intel(R) Core(TM) i7-9750H CPU @ 2.60GHz, instruction set [SSE2|AVX|AVX2]
Thread count: 6 physical cores, 12 logical processors, using up to 12 threads

Non-default parameters:
MIPGap  0.01
MIPFocus  1

Optimize a model with 5674 rows, 1376 columns and 15572 nonzeros
Model fingerprint: 0x1d46d00f
Variable types: 42 continuous, 1334 integer (746 binary)
Coefficient statistics:
  Matrix range     [2e-01, 1e+06]
  Objective range  [6e+01, 2e+05]
  Bounds range     [1e+00, 1e+00]
  RHS range        [1e+00, 1e+06]
Found heuristic solution: objective 1.058000e+07
Presolve removed 3822 rows and 235 columns
Presolve time: 0.03s
Presolved: 1852 rows, 1141 columns, 9737 nonzeros
Variable types: 42 continuous, 1099 integer (679 binary)

Root relaxation: objective 4.965900e+03, 1572 iterations, 0.04 seconds (0.03 work units)

    Nodes    |    Current Node    |     Objective Bounds      |     Work
 Expl Unexpl |  Obj  Depth IntInf | Incumbent    BestBd   Gap | It/Node Time

     0     0 4965.90000    0   24 1.0580e+07 4965.90000   100%     -    0s
H    0     0                    9001980.0000 4965.90000   100%     -    0s
H    0     0                    7284002.0000 4965.90000   100%     -    0s
H    0     0                    6545376.0000 4965.90000   100%     -    0s
H    0     0                    5365376.0000 4965.90000   100%     -    0s
     0     0 4965.90000    0   76 5365376.00 4965.90000   100%     -    0s
H    0     0                    5225376.0000 4965.90000   100%     -    0s
     0     0 4977.16420    0   69 5225376.00 4977.16420   100%     -    0s
     0     0 4977.16420    0   65 5225376.00 4977.16420   100%     -    0s
H    0     0                    4745412.0000 5000.42449   100%     -    0s
H    0     0                    4685412.0000 5000.42449   100%     -    0s
H    0     0                    4545412.0000 5000.42449   100%     -    0s
H    0     0                    4525532.0000 5000.42449   100%     -    0s
H    0     0                    2967534.0000 5000.42449   100%     -    0s
H    0     0                    1987654.0000 5000.42449   100%     -    0s
H    0     0                    1907654.0000 5000.42449   100%     -    0s
H    0     0                    1647654.0000 5000.42449   100%     -    0s
     0     0 5000.42449    0   90 1647654.00 5000.42449   100%     -    0s
     0     0 5037.49488    0   83 1647654.00 5037.49488   100%     -    0s
     0     0 5046.49433    0   98 1647654.00 5046.49433   100%     -    0s
     0     0 5058.28032    0   99 1647654.00 5058.28032   100%     -    0s
     0     0 5058.34762    0  111 1647654.00 5058.34762   100%     -    0s
     0     0 5062.66366    0  106 1647654.00 5062.66366   100%     -    0s
     0     0 5062.66366    0  118 1647654.00 5062.66366   100%     -    0s
H    0     0                    1645832.0000 5062.66366   100%     -    0s
H    0     0                    1506062.0000 5062.66366   100%     -    0s
H    0     0                    1306062.0000 5062.66366   100%     -    0s
H    0     0                    1106062.0000 5062.66366   100%     -    0s
H    0     0                    966062.00000 5062.66366  99.5%     -    0s
H    0     0                    693106.00000 5062.66366  99.3%     -    0s
H    0     0                    493106.00000 5062.66366  99.0%     -    0s
H    0     0                    489584.00000 5062.66366  99.0%     -    0s
     0     0 5192.92670    0  183 489584.000 5192.92670  98.9%     -    0s
H    0     0                    289584.00000 5256.80486  98.2%     -    0s
     0     0 5256.80486    0  197 289584.000 5256.80486  98.2%     -    0s
     0     0 5303.37666    0  180 289584.000 5303.37666  98.2%     -    0s
H    0     0                    149899.00000 5319.65810  96.5%     -    0s
H    0     0                    149798.00000 5319.65810  96.4%     -    0s
     0     0 5319.65810    0  174 149798.000 5319.65810  96.4%     -    0s
     0     0 5324.99692    0  180 149798.000 5324.99692  96.4%     -    0s
     0     0 5325.08928    0  211 149798.000 5325.08928  96.4%     -    0s
     0     0 5325.75017    0  206 149798.000 5325.75017  96.4%     -    0s
     0     0 5327.36891    0  222 149798.000 5327.36891  96.4%     -    0s
     0     0 5327.41703    0  238 149798.000 5327.41703  96.4%     -    0s
     0     0 5327.68829    0  237 149798.000 5327.68829  96.4%     -    0s
H    0     0                    149599.00000 5327.76723  96.4%     -    0s
     0     0 5327.76723    0  241 149599.000 5327.76723  96.4%     -    0s
     0     0 5339.12069    0  198 149599.000 5339.12069  96.4%     -    1s
     0     0 5339.30392    0  208 149599.000 5339.30392  96.4%     -    1s
     0     0 5344.71699    0  215 149599.000 5344.71699  96.4%     -    1s
     0     0 5344.88192    0  219 149599.000 5344.88192  96.4%     -    1s
     0     0 5345.20477    0  233 149599.000 5345.20477  96.4%     -    1s
     0     0 5345.29245    0  230 149599.000 5345.29245  96.4%     -    1s
     0     0 5345.40181    0  244 149599.000 5345.40181  96.4%     -    1s
     0     0 5345.40181    0  248 149599.000 5345.40181  96.4%     -    1s
H    0     0                    11751.000000 5345.40181  54.5%     -    1s
     0     0 5353.71047    0  200 11751.0000 5353.71047  54.4%     -    1s
     0     0 5356.21053    0  194 11751.0000 5356.21053  54.4%     -    1s
H    0     0                    11539.000000 5357.97988  53.6%     -    1s
     0     0 5357.97988    0  180 11539.0000 5357.97988  53.6%     -    1s
     0     0 5358.28989    0  219 11539.0000 5358.28989  53.6%     -    1s
     0     0 5360.89313    0  207 11539.0000 5360.89313  53.5%     -    1s
     0     0 5361.66469    0  179 11539.0000 5361.66469  53.5%     -    1s
     0     0 5361.66469    0  196 11539.0000 5361.66469  53.5%     -    1s
     0     0 5362.38536    0  164 11539.0000 5362.38536  53.5%     -    2s
     0     2 5362.38536    0  141 11539.0000 5362.38536  53.5%     -    2s
H   52    61                    9602.0000000 5364.50394  44.1%   153    2s
H   72    82                    8202.0000000 5364.50394  34.6%   127    2s
H  158   166                    6441.0000000 5364.50394  16.7%  77.6    3s
H  194   198                    6340.0000000 5364.50394  15.4%  68.3    3s
H  245   263                    6260.0000000 5364.50394  14.3%  59.6    3s
H  339   322                    6255.0000000 5370.43104  14.1%  55.8    4s
   495   458 5420.00748    6  172 6255.00000 5373.66576  14.1%  53.4    5s
H 1230   982                    6140.0000000 5378.03794  12.4%  48.2    8s
  1411  1183 5612.15434   37   97 6140.00000 5379.09306  12.4%  49.0   10s
  1529  1224 5891.95167   52   28 6140.00000 5457.60940  11.1%  58.0   15s
  2065  1360 5954.36108   42   89 6140.00000 5464.50290  11.0%  80.4   20s
  3146  1416 5992.30941   37  109 6140.00000 5489.74125  10.6%  90.7   25s
  5470  1455 6068.95019   42  131 6140.00000 5592.09841  8.92%  97.5   30s
  8111  1847 5982.45455   35   51 6140.00000 5839.59659  4.89%   100   35s
 10300  2448 5971.26815   44  120 6140.00000 5867.88532  4.43%  98.5   40s
 13467  2974 6066.30942   41   87 6140.00000 5896.20281  3.97%  96.8   45s
 16864  3304 infeasible   39      6140.00000 5916.54534  3.64%  94.7   51s
 19250  3482     cutoff   37      6140.00000 5926.76231  3.47%  94.0   55s
 22107  3620     cutoff   43      6140.00000 5942.01746  3.22%  93.1   61s
 24223  3594 5959.59544   41  105 6140.00000 5952.61992  3.05%  92.8   65s
 27297  3520     cutoff   42      6140.00000 5963.05864  2.88%  92.6   70s
 30020  3365 6019.70185   50  119 6140.00000 5972.85228  2.72%  92.5   77s
 32630  3236 infeasible   44      6140.00000 5983.98127  2.54%  92.2   82s
 33560  2941     cutoff   40      6140.00000 5985.49856  2.52%  92.2   86s
 36258  2356 infeasible   41      6140.00000 6002.52892  2.24%  92.2   91s
 38929  1723 6091.23778   40   83 6140.00000 6017.28930  2.00%  92.1   96s
 41594   874     cutoff   43      6140.00000 6036.10831  1.69%  91.9  100s

Cutting planes:
  Learned: 80
  Gomory: 1
  Cover: 166
  Implied bound: 1
  MIR: 118
  StrongCG: 8
  Flow cover: 197
  GUB cover: 1
  Inf proof: 35
  Zero half: 3
  Network: 10
  Relax-and-lift: 11

Explored 44598 nodes (4083787 simplex iterations) in 103.92 seconds (44.51 work units)
Thread count was 12 (of 12 available processors)

Solution count 10: 6140 6140 6255 ... 11751

Optimal solution found (tolerance 1.00e-02)
Best objective 6.140000000000e+03, best bound 6.140000000000e+03, gap 0.0000%
