
Gurobi 12.0.0 (win64) logging started Mon Dec 22 16:56:27 2025

Set parameter LogFile to value "Storage/Logs/log_____________2025_12_22_16_56_27.log"
Set parameter MIPGap to value 0.01
Set parameter OutputFlag to value 1
Gurobi Optimizer version 12.0.0 build v12.0.0rc1 (win64 - Windows 10.0 (19045.2))

CPU model: Intel(R) Core(TM) i7-9750H CPU @ 2.60GHz, instruction set [SSE2|AVX|AVX2]
Thread count: 6 physical cores, 12 logical processors, using up to 12 threads

Non-default parameters:
MIPGap  0.01
MIPFocus  1

Optimize a model with 4519 rows, 1131 columns and 12240 nonzeros
Model fingerprint: 0x94045c84
Variable types: 35 continuous, 1096 integer (676 binary)
Coefficient statistics:
  Matrix range     [2e-01, 1e+06]
  Objective range  [6e+01, 2e+05]
  Bounds range     [1e+00, 1e+00]
  RHS range        [1e+00, 1e+06]
Found heuristic solution: objective 1.016000e+07
Presolve removed 2870 rows and 207 columns
Presolve time: 0.01s
Presolved: 1649 rows, 924 columns, 7840 nonzeros
Variable types: 35 continuous, 889 integer (609 binary)

Root relaxation: objective 4.228100e+03, 1196 iterations, 0.02 seconds (0.03 work units)

    Nodes    |    Current Node    |     Objective Bounds      |     Work
 Expl Unexpl |  Obj  Depth IntInf | Incumbent    BestBd   Gap | It/Node Time

     0     0 4228.10000    0   32 1.0160e+07 4228.10000   100%     -    0s
H    0     0                    8661924.0000 4228.10000   100%     -    0s
H    0     0                    7281924.0000 4228.10000   100%     -    0s
H    0     0                    6043250.0000 4228.10000   100%     -    0s
H    0     0                    5563250.0000 4228.10000   100%     -    0s
H    0     0                    5223250.0000 4228.10000   100%     -    0s
H    0     0                    4885274.0000 4228.10000   100%     -    0s
H    0     0                    3565306.0000 4228.10000   100%     -    0s
H    0     0                    2725306.0000 4228.10000   100%     -    0s
     0     0 4228.10000    0   83 2725306.00 4228.10000   100%     -    0s
     0     0 4237.25771    0   64 2725306.00 4237.25771   100%     -    0s
     0     0 4248.46433    0   71 2725306.00 4248.46433   100%     -    0s
     0     0 4248.88544    0   71 2725306.00 4248.88544   100%     -    0s
     0     0 4248.88544    0   73 2725306.00 4248.88544   100%     -    0s
H    0     0                    2367996.0000 4248.88544   100%     -    0s
H    0     0                    2227996.0000 4248.88544   100%     -    0s
H    0     0                    1467996.0000 4331.25900   100%     -    0s
H    0     0                    1247460.0000 4331.25900   100%     -    0s
     0     0 4331.25900    0   86 1247460.00 4331.25900   100%     -    0s
H    0     0                    971231.00000 4331.25900   100%     -    0s
H    0     0                    907460.00000 4365.87534   100%     -    0s
     0     0 4365.87534    0  117 907460.000 4365.87534   100%     -    0s
     0     0 4385.11751    0  124 907460.000 4385.11751   100%     -    0s
     0     0 4388.52351    0  118 907460.000 4388.52351   100%     -    0s
     0     0 4389.58426    0  116 907460.000 4389.58426   100%     -    0s
     0     0 4389.58426    0  117 907460.000 4389.58426   100%     -    0s
H    0     0                    851738.00000 4443.92362  99.5%     -    0s
H    0     0                    295466.00000 4443.92362  98.5%     -    0s
H    0     0                    290986.00000 4443.92362  98.5%     -    0s
     0     0 4443.92362    0  164 290986.000 4443.92362  98.5%     -    0s
     0     0 4466.55355    0  163 290986.000 4466.55355  98.5%     -    0s
     0     0 4474.62596    0  162 290986.000 4474.62596  98.5%     -    0s
     0     0 4480.57922    0  160 290986.000 4480.57922  98.5%     -    0s
     0     0 4480.86427    0  181 290986.000 4480.86427  98.5%     -    0s
H    0     0                    15323.000000 4480.88666  70.8%     -    0s
     0     0 4480.88666    0  207 15323.0000 4480.88666  70.8%     -    0s
     0     0 4480.89231    0  200 15323.0000 4480.89231  70.8%     -    0s
H    0     0                    15142.000000 4480.89231  70.4%     -    0s
H    0     0                    15136.000000 4522.03333  70.1%     -    0s
H    0     0                    13397.000000 4522.03333  66.2%     -    0s
H    0     0                    13180.000000 4522.03333  65.7%     -    0s
     0     0 4522.03333    0  120 13180.0000 4522.03333  65.7%     -    0s
     0     0 4555.55865    0  108 13180.0000 4555.55865  65.4%     -    0s
     0     0 4555.96260    0  151 13180.0000 4555.96260  65.4%     -    0s
     0     0 4556.34330    0  153 13180.0000 4556.34330  65.4%     -    0s
     0     0 4556.52969    0  167 13180.0000 4556.52969  65.4%     -    0s
     0     0 4556.80036    0  155 13180.0000 4556.80036  65.4%     -    0s
     0     0 4556.80036    0  159 13180.0000 4556.80036  65.4%     -    0s
     0     0 4564.53333    0  174 13180.0000 4564.53333  65.4%     -    0s
H    0     0                    12980.000000 4564.53333  64.8%     -    0s
     0     2 4564.93211    0  150 12980.0000 4564.93211  64.8%     -    1s
H   27    40                    12943.000000 4586.71649  64.6%   335    1s
H   92   110                    11717.000000 4586.71649  60.9%   133    1s
H  113   122                    9593.0000000 4586.71649  52.2%   121    1s
H  350   333                    8065.0000000 4596.54352  43.0%  71.1    2s
H  420   388                    6361.0000000 4600.91792  27.7%  65.6    3s
H  493   430                    6116.0000000 4600.91792  24.8%  61.2    3s
   764   683 4826.51017   24   94 6116.00000 4606.43025  24.7%  58.6    5s
  1539  1249 4686.01445   16  131 6116.00000 4667.97494  23.7%  62.8   10s
  2018  1221 4717.13955   20  149 6116.00000 4671.81454  23.6%  95.4   15s
  3116  1090 infeasible   26      6116.00000 4890.55813  20.0%   134   20s
  5160   433 6110.03051   19   91 6116.00000 5800.78909  5.15%   143   25s
  7443     0 6080.14248   20  205 6116.00000 5987.49501  2.10%   141   30s

Cutting planes:
  Learned: 23
  Gomory: 1
  Cover: 204
  Clique: 6
  MIR: 136
  StrongCG: 13
  Flow cover: 160
  Inf proof: 2
  Zero half: 1
  Network: 6
  RLT: 4
  Relax-and-lift: 17

Explored 7477 nodes (1059176 simplex iterations) in 30.15 seconds (15.60 work units)
Thread count was 12 (of 12 available processors)

Solution count 10: 6116 6361 8065 ... 15136

Optimal solution found (tolerance 1.00e-02)
Best objective 6.116000000000e+03, best bound 6.116000000000e+03, gap 0.0000%
