
Gurobi 12.0.0 (win64) logging started Mon Dec 22 14:48:08 2025

Set parameter LogFile to value "Logs/log_____________2025_12_22_14_48_08.log"
Set parameter MIPGap to value 0.01
Set parameter OutputFlag to value 1
Gurobi Optimizer version 12.0.0 build v12.0.0rc1 (win64 - Windows 10.0 (19045.2))

CPU model: Intel(R) Core(TM) i7-9750H CPU @ 2.60GHz, instruction set [SSE2|AVX|AVX2]
Thread count: 6 physical cores, 12 logical processors, using up to 12 threads

Non-default parameters:
MIPGap  0.01
MIPFocus  1

Optimize a model with 3285 rows, 940 columns and 8794 nonzeros
Model fingerprint: 0xa2ac4f5f
Variable types: 28 continuous, 912 integer (632 binary)
Coefficient statistics:
  Matrix range     [2e-01, 1e+06]
  Objective range  [7e+01, 2e+05]
  Bounds range     [1e+00, 1e+00]
  RHS range        [1e+00, 1e+06]
Found heuristic solution: objective 9580000.0000
Presolve removed 1912 rows and 212 columns
Presolve time: 0.02s
Presolved: 1373 rows, 728 columns, 5803 nonzeros
Variable types: 28 continuous, 700 integer (532 binary)

Root relaxation: objective 1.444241e+05, 926 iterations, 0.02 seconds (0.02 work units)

    Nodes    |    Current Node    |     Objective Bounds      |     Work
 Expl Unexpl |  Obj  Depth IntInf | Incumbent    BestBd   Gap | It/Node Time

     0     0 144424.100    0   12 9580000.00 144424.100  98.5%     -    0s
H    0     0                    4303296.0000 144424.100  96.6%     -    0s
H    0     0                    4023296.0000 144424.100  96.4%     -    0s
H    0     0                    3603296.0000 144424.100  96.0%     -    0s
H    0     0                    2845346.3360 144424.100  94.9%     -    0s
H    0     0                    1245346.3360 144424.100  88.4%     -    0s
H    0     0                    1245346.0000 144424.100  88.4%     -    0s
     0     0 144424.100    0   39 1245346.00 144424.100  88.4%     -    0s
     0     0 144424.100    0   28 1245346.00 144424.100  88.4%     -    0s
     0     0 144433.566    0   45 1245346.00 144433.566  88.4%     -    0s
H    0     0                    768904.00000 144433.566  81.2%     -    0s
     0     0 144445.744    0   42 768904.000 144445.744  81.2%     -    0s
     0     0 144464.311    0   66 768904.000 144464.311  81.2%     -    0s
     0     0 144485.702    0   49 768904.000 144485.702  81.2%     -    0s
     0     0 144486.261    0   50 768904.000 144486.261  81.2%     -    0s
     0     0 144487.461    0   64 768904.000 144487.461  81.2%     -    0s
     0     0 144487.461    0   70 768904.000 144487.461  81.2%     -    0s
     0     0 144522.434    0   82 768904.000 144522.434  81.2%     -    0s
     0     0 144536.155    0   76 768904.000 144536.155  81.2%     -    0s
     0     0 144604.231    0   69 768904.000 144604.231  81.2%     -    0s
     0     0 144604.231    0   77 768904.000 144604.231  81.2%     -    0s
H    0     0                    637780.00000 144604.231  77.3%     -    0s
H    0     0                    357780.00000 144604.231  59.6%     -    0s
     0     0 144606.793    0  105 357780.000 144606.793  59.6%     -    0s
H    0     0                    357604.00000 144606.793  59.6%     -    0s
     0     0 144609.590    0   87 357604.000 144609.590  59.6%     -    0s
     0     0 144609.590    0  104 357604.000 144609.590  59.6%     -    0s
     0     0 144609.590    0   81 357604.000 144609.590  59.6%     -    0s
H    0     0                    297604.00000 144609.590  51.4%     -    0s
     0     2 144609.590    0   66 297604.000 144609.590  51.4%     -    0s
H   29    34                    164154.00000 144616.193  11.9%   135    0s
H   67    67                    157604.01305 144616.193  8.24%  86.5    0s
H  120   109                    157604.01302 144616.193  8.24%  64.7    0s
H  161   146                    157604.01299 144616.193  8.24%  57.0    1s
H  210   179                    157604.01296 144616.193  8.24%  47.1    1s
H  262   219                    157604.01293 144616.193  8.24%  41.8    1s
H  314   252                    157604.01287 144616.193  8.24%  39.8    1s
H  325   256                    157604.01282 144616.193  8.24%  40.4    1s
H  387   293                    157604.01277 144616.193  8.24%  37.8    1s
H  396   308                    157604.00655 144616.193  8.24%  37.3    1s
H  468   345                    157603.99999 144616.193  8.24%  34.0    1s
H  974   610                    151230.00316 144631.245  4.36%  27.5    4s
  1089   687 145091.169   39   68 151230.003 144632.619  4.36%  28.6    5s
H 1115   687                    151230.00308 144632.619  4.36%  28.8    5s
H 1152   712                    151230.00300 144640.063  4.36%  28.7    5s
H 1168   717                    151230.00293 144640.063  4.36%  28.6    5s
  1892  1139 151054.000   24    8 151230.003 144774.394  4.27%  18.1   10s

Cutting planes:
  Learned: 11
  Cover: 115
  Implied bound: 1
  MIR: 66
  StrongCG: 4
  Flow cover: 77
  Inf proof: 1
  Zero half: 3
  Network: 3
  Relax-and-lift: 7

Explored 2614 nodes (160626 simplex iterations) in 12.73 seconds (6.87 work units)
Thread count was 12 (of 12 available processors)

Solution count 10: 151230 157604 157604 ... 768904

Optimal solution found (tolerance 1.00e-02)
Best objective 1.512300029231e+05, best bound 1.510540000000e+05, gap 0.1164%
