
Gurobi 12.0.0 (win64) logging started Mon Dec 22 17:49:56 2025

Set parameter LogFile to value "Storage/Logs/log_____________2025_12_22_17_49_56.log"
Set parameter MIPGap to value 0.01
Set parameter OutputFlag to value 1
Gurobi Optimizer version 12.0.0 build v12.0.0rc1 (win64 - Windows 10.0 (19045.2))

CPU model: Intel(R) Core(TM) i7-9750H CPU @ 2.60GHz, instruction set [SSE2|AVX|AVX2]
Thread count: 6 physical cores, 12 logical processors, using up to 12 threads

Non-default parameters:
MIPGap  0.01
MIPFocus  1

Optimize a model with 6007 rows, 1408 columns and 16402 nonzeros
Model fingerprint: 0x2adad4cf
Variable types: 42 continuous, 1366 integer (778 binary)
Coefficient statistics:
  Matrix range     [2e-01, 1e+06]
  Objective range  [6e+01, 2e+05]
  Bounds range     [1e+00, 1e+00]
  RHS range        [1e+00, 1e+06]
Found heuristic solution: objective 1.096000e+07
Presolve removed 4046 rows and 239 columns
Presolve time: 0.02s
Presolved: 1961 rows, 1169 columns, 10227 nonzeros
Variable types: 42 continuous, 1127 integer (707 binary)

Root relaxation: objective 4.035800e+03, 1354 iterations, 0.03 seconds (0.03 work units)

    Nodes    |    Current Node    |     Objective Bounds      |     Work
 Expl Unexpl |  Obj  Depth IntInf | Incumbent    BestBd   Gap | It/Node Time

     0     0 4035.80000    0   19 1.0960e+07 4035.80000   100%     -    0s
H    0     0                    5583288.0000 4035.80000   100%     -    0s
H    0     0                    5383288.0000 4035.80000   100%     -    0s
H    0     0                    4625412.0000 4035.80000   100%     -    0s
H    0     0                    4205412.0000 4035.80000   100%     -    0s
H    0     0                    2907474.0000 4035.80000   100%     -    0s
H    0     0                    2587626.0000 4035.80000   100%     -    0s
H    0     0                    1887626.0000 4035.80000   100%     -    0s
H    0     0                    1747474.8400 4035.80000   100%     -    0s
     0     0 4035.80000    0   71 1747474.84 4035.80000   100%     -    0s
     0     0 4053.05565    0   56 1747474.84 4053.05565   100%     -    0s
     0     0 4053.07872    0   62 1747474.84 4053.07872   100%     -    0s
     0     0 4152.32418    0   86 1747474.84 4152.32418   100%     -    0s
H    0     0                    1667662.0000 4241.03012   100%     -    0s
H    0     0                    987662.00000 4241.03012   100%     -    0s
     0     0 4241.03012    0  108 987662.000 4241.03012   100%     -    0s
     0     0 4255.93249    0  120 987662.000 4255.93249   100%     -    0s
     0     0 4256.89645    0   95 987662.000 4256.89645   100%     -    0s
     0     0 4257.62005    0  108 987662.000 4257.62005   100%     -    0s
     0     0 4257.71291    0  120 987662.000 4257.71291   100%     -    0s
H    0     0                    711171.00000 4382.53164  99.4%     -    0s
     0     0 4382.53164    0  157 711171.000 4382.53164  99.4%     -    0s
H    0     0                    431381.00000 4382.53164  99.0%     -    0s
     0     0 4396.81860    0  170 431381.000 4396.81860  99.0%     -    0s
     0     0 4405.95009    0  176 431381.000 4405.95009  99.0%     -    0s
H    0     0                    431171.00000 4409.82464  99.0%     -    0s
H    0     0                    294733.00000 4409.82464  98.5%     -    0s
     0     0 4409.82464    0  195 294733.000 4409.82464  98.5%     -    0s
     0     0 4419.94771    0  206 294733.000 4419.94771  98.5%     -    0s
H    0     0                    147814.00000 4435.22360  97.0%     -    0s
     0     0 4435.22360    0  203 147814.000 4435.22360  97.0%     -    0s
     0     0 4436.18184    0  206 147814.000 4436.18184  97.0%     -    0s
     0     0 4437.20631    0  214 147814.000 4437.20631  97.0%     -    0s
     0     0 4437.61047    0  236 147814.000 4437.61047  97.0%     -    0s
     0     0 4443.08415    0  177 147814.000 4443.08415  97.0%     -    0s
     0     0 4443.18191    0  186 147814.000 4443.18191  97.0%     -    0s
     0     0 4444.01017    0  183 147814.000 4444.01017  97.0%     -    0s
     0     0 4445.75880    0  186 147814.000 4445.75880  97.0%     -    1s
     0     0 4445.85241    0  184 147814.000 4445.85241  97.0%     -    1s
     0     0 4445.85611    0  207 147814.000 4445.85611  97.0%     -    1s
H    0     0                    11492.000000 4458.86803  61.2%     -    1s
     0     0 4458.86803    0  240 11492.0000 4458.86803  61.2%     -    1s
H    0     0                    7814.0000000 4466.00933  42.8%     -    1s
     0     0 4466.00933    0  186 7814.00000 4466.00933  42.8%     -    1s
     0     0 4466.83125    0  190 7814.00000 4466.83125  42.8%     -    1s
     0     0 4467.14356    0  223 7814.00000 4467.14356  42.8%     -    1s
     0     0 4467.86191    0  230 7814.00000 4467.86191  42.8%     -    1s
     0     0 4467.95235    0  246 7814.00000 4467.95235  42.8%     -    1s
     0     0 4468.17726    0  257 7814.00000 4468.17726  42.8%     -    1s
     0     0 4468.23449    0  258 7814.00000 4468.23449  42.8%     -    1s
     0     0 4468.43180    0  262 7814.00000 4468.43180  42.8%     -    1s
     0     0 4468.45709    0  277 7814.00000 4468.45709  42.8%     -    1s
     0     0 4472.31864    0  226 7814.00000 4472.31864  42.8%     -    1s
     0     2 4472.32141    0  205 7814.00000 4472.32141  42.8%     -    1s
H  178   180                    6505.0000001 4484.84023  31.1%  98.3    3s
H  189   195                    6389.0000000 4484.84023  29.8%  96.3    3s
H  298   295                    6281.0000000 4484.84023  28.6%  79.4    4s
H  315   308                    6063.0000000 4484.84023  26.0%  81.2    4s
   361   343 infeasible   51      6063.00000 4484.84023  26.0%  82.1    5s
H  451   414                    6033.0000000 4484.84023  25.7%  89.1    6s
H  646   595                    5933.0000000 4486.41333  24.4%  86.6    8s
   778   648 5435.47338   62   90 5933.00000 4486.41333  24.4%  81.4   10s
  1568  1275 4597.96562   11  122 5933.00000 4488.98083  24.3%  78.3   15s
  1620  1310 4580.36560   16  187 5933.00000 4494.85087  24.2%  83.5   20s
  1945  1384     cutoff   39      5933.00000 4524.80907  23.7%   104   25s
  2601  1305 infeasible   46      5933.00000 4546.31569  23.4%   118   30s
  3092  1235 4964.44917   36  213 5933.00000 4562.71011  23.1%   131   35s
  4861   918     cutoff   40      5933.00000 5183.16179  12.6%   135   40s
  7376   702 infeasible   41      5933.00000 5770.49555  2.74%   127   45s
 10141    56 infeasible   41      5933.00000 5846.17276  1.46%   123   50s

Cutting planes:
  Learned: 33
  Gomory: 3
  Cover: 180
  MIR: 121
  StrongCG: 7
  Flow cover: 149
  Inf proof: 6
  Network: 13
  RLT: 8
  Relax-and-lift: 6

Explored 10596 nodes (1312327 simplex iterations) in 50.59 seconds (22.43 work units)
Thread count was 12 (of 12 available processors)

Solution count 10: 5933 6033 6063 ... 294733

Optimal solution found (tolerance 1.00e-02)
Best objective 5.933000000000e+03, best bound 5.876000000000e+03, gap 0.9607%
