
Gurobi 12.0.0 (win64) logging started Mon Dec 22 16:27:17 2025

Set parameter LogFile to value "Storage/Logs/log_____________2025_12_22_16_27_17.log"
Set parameter MIPGap to value 0.01
Set parameter OutputFlag to value 1
Gurobi Optimizer version 12.0.0 build v12.0.0rc1 (win64 - Windows 10.0 (19045.2))

CPU model: Intel(R) Core(TM) i7-9750H CPU @ 2.60GHz, instruction set [SSE2|AVX|AVX2]
Thread count: 6 physical cores, 12 logical processors, using up to 12 threads

Non-default parameters:
MIPGap  0.01
MIPFocus  1

Optimize a model with 3557 rows, 960 columns and 9528 nonzeros
Model fingerprint: 0x965681b4
Variable types: 28 continuous, 932 integer (652 binary)
Coefficient statistics:
  Matrix range     [2e-01, 1e+06]
  Objective range  [6e+01, 2e+05]
  Bounds range     [1e+00, 1e+00]
  RHS range        [1e+00, 1e+06]
Found heuristic solution: objective 1.108000e+07
Presolve removed 2045 rows and 183 columns
Presolve time: 0.02s
Presolved: 1512 rows, 777 columns, 5670 nonzeros
Variable types: 28 continuous, 749 integer (574 binary)

Root relaxation: objective 1.450121e+05, 781 iterations, 0.01 seconds (0.02 work units)

    Nodes    |    Current Node    |     Objective Bounds      |     Work
 Expl Unexpl |  Obj  Depth IntInf | Incumbent    BestBd   Gap | It/Node Time

     0     0 145012.100    0   16 1.1080e+07 145012.100  98.7%     -    0s
H    0     0                    2065304.0000 145012.100  93.0%     -    0s
H    0     0                    1445304.0000 145012.100  90.0%     -    0s
H    0     0                    1165304.0000 145012.100  87.6%     -    0s
H    0     0                    1047458.0000 145012.100  86.2%     -    0s
     0     0 145012.100    0   69 1047458.00 145012.100  86.2%     -    0s
H    0     0                    907458.00000 145012.100  84.0%     -    0s
H    0     0                    627458.00000 145012.100  76.9%     -    0s
     0     0 145012.100    0   47 627458.000 145012.100  76.9%     -    0s
H    0     0                    565540.00000 145020.929  74.4%     -    0s
     0     0 145020.929    0   55 565540.000 145020.929  74.4%     -    0s
     0     0 145082.930    0   83 565540.000 145082.930  74.3%     -    0s
H    0     0                    427664.00000 145083.940  66.1%     -    0s
     0     0 145083.940    0   67 427664.000 145083.940  66.1%     -    0s
     0     0 145111.838    0   46 427664.000 145111.838  66.1%     -    0s
     0     0 145111.838    0   58 427664.000 145111.838  66.1%     -    0s
H    0     0                    288858.00000 145132.726  49.8%     -    0s
     0     0 145132.726    0  136 288858.000 145132.726  49.8%     -    0s
     0     0 145159.500    0  104 288858.000 145159.500  49.7%     -    0s
     0     0 145160.189    0  109 288858.000 145160.189  49.7%     -    0s
     0     0 145160.189    0  101 288858.000 145160.189  49.7%     -    0s
     0     0 145165.009    0  112 288858.000 145165.009  49.7%     -    0s
H    0     0                    150982.00000 145181.437  3.84%     -    0s
     0     0 145181.437    0  100 150982.000 145181.437  3.84%     -    0s
     0     0 145190.619    0  105 150982.000 145190.619  3.84%     -    0s
     0     0 145191.500    0  105 150982.000 145191.500  3.84%     -    0s
     0     0 145191.612    0  110 150982.000 145191.612  3.84%     -    0s
     0     0 145191.749    0  111 150982.000 145191.749  3.84%     -    0s
     0     0 145191.991    0  116 150982.000 145191.991  3.83%     -    0s
     0     0 145192.133    0  105 150982.000 145192.133  3.83%     -    0s
     0     0 145192.333    0  112 150982.000 145192.333  3.83%     -    0s
     0     0 145192.355    0  113 150982.000 145192.355  3.83%     -    0s
     0     0 145192.355    0  112 150982.000 145192.355  3.83%     -    0s
     0     0 145203.159    0   65 150982.000 145203.159  3.83%     -    0s
     0     0 145203.252    0   12 150982.000 145203.252  3.83%     -    0s
     0     0 145203.252    0   44 150982.000 145203.252  3.83%     -    0s
     0     0 145203.252    0   59 150982.000 145203.252  3.83%     -    0s
     0     0 145203.252    0   41 150982.000 145203.252  3.83%     -    0s
     0     0 145203.252    0   69 150982.000 145203.252  3.83%     -    0s
     0     0 145203.252    0   68 150982.000 145203.252  3.83%     -    0s
     0     0 145220.082    0   63 150982.000 145220.082  3.82%     -    0s
     0     0 145247.850    0   66 150982.000 145247.850  3.80%     -    0s
     0     0 145255.550    0   74 150982.000 145255.550  3.79%     -    0s
     0     0 145255.550    0   84 150982.000 145255.550  3.79%     -    0s
     0     0 145263.050    0  110 150982.000 145263.050  3.79%     -    0s
     0     0 145263.080    0  121 150982.000 145263.080  3.79%     -    0s
     0     0 145263.187    0  117 150982.000 145263.187  3.79%     -    0s
     0     0 145263.464    0  104 150982.000 145263.464  3.79%     -    0s
     0     0 145263.470    0   98 150982.000 145263.470  3.79%     -    0s
     0     0 145264.250    0  117 150982.000 145264.250  3.79%     -    1s
     0     0 145264.250    0  116 150982.000 145264.250  3.79%     -    1s
     0     0 145264.250    0   42 150982.000 145264.250  3.79%     -    1s
     0     2 145264.250    0   42 150982.000 145264.250  3.79%     -    1s
H  347   199                    149208.00849 145270.050  2.64%  52.8    2s
H  363   211                    149208.00848 145270.050  2.64%  53.7    2s
H  364   211                    149208.00846 145270.050  2.64%  53.5    2s
*  399   231              21    148044.00132 145270.050  1.87%  53.1    2s
H  480   253                    147838.00012 145329.800  1.70%  54.3    2s
H  525   275                    147838.00005 145329.800  1.70%  54.9    2s
H 2018   622                    147775.00003 145492.550  1.54%  53.0    4s
  3145   860 145951.419   17   65 147775.000 145552.380  1.50%  51.4    5s

Cutting planes:
  Learned: 7
  Gomory: 1
  Cover: 116
  MIR: 57
  StrongCG: 6
  Flow cover: 90
  Inf proof: 2
  Zero half: 1
  Network: 1
  Relax-and-lift: 5

Explored 3792 nodes (262206 simplex iterations) in 8.38 seconds (4.17 work units)
Thread count was 12 (of 12 available processors)

Solution count 10: 147775 147838 148044 ... 907458

Optimal solution found (tolerance 1.00e-02)
Best objective 1.477750000306e+05, best bound 1.477750000306e+05, gap 0.0000%
