
Gurobi 12.0.0 (win64) logging started Tue Dec 30 16:41:23 2025

Set parameter LogFile to value "Storage_s/Logs/log_____________2025_12_30_16_41_23.log"
Set parameter MIPGap to value 0.01
Set parameter OutputFlag to value 1
Gurobi Optimizer version 12.0.0 build v12.0.0rc1 (win64 - Windows 10.0 (19045.2))

CPU model: Intel(R) Core(TM) i7-9750H CPU @ 2.60GHz, instruction set [SSE2|AVX|AVX2]
Thread count: 6 physical cores, 12 logical processors, using up to 12 threads

Non-default parameters:
MIPGap  0.01
MIPFocus  1

Optimize a model with 4831 rows, 1163 columns and 13000 nonzeros
Model fingerprint: 0xabc5be09
Variable types: 35 continuous, 1128 integer (708 binary)
Coefficient statistics:
  Matrix range     [2e-01, 1e+03]
  Objective range  [1e+02, 4e+03]
  Bounds range     [1e+00, 1e+00]
  RHS range        [1e+00, 2e+03]
Found heuristic solution: objective 10780.000000
Presolve removed 3038 rows and 211 columns
Presolve time: 0.01s
Presolved: 1793 rows, 952 columns, 8344 nonzeros
Variable types: 35 continuous, 917 integer (637 binary)

Root relaxation: objective 4.077600e+03, 1791 iterations, 0.05 seconds (0.07 work units)

    Nodes    |    Current Node    |     Objective Bounds      |     Work
 Expl Unexpl |  Obj  Depth IntInf | Incumbent    BestBd   Gap | It/Node Time

     0     0 4077.60000    0   15 10780.0000 4077.60000  62.2%     -    0s
H    0     0                    8032.0000000 4077.60000  49.2%     -    0s
H    0     0                    7492.0000000 4077.60000  45.6%     -    0s
H    0     0                    7314.0000000 4077.60000  44.2%     -    0s
     0     0 4077.60000    0   28 7314.00000 4077.60000  44.2%     -    0s
     0     0 4127.77406    0   49 7314.00000 4127.77406  43.6%     -    0s
     0     0 4127.77406    0   53 7314.00000 4127.77406  43.6%     -    0s
     0     0 4234.03946    0   74 7314.00000 4234.03946  42.1%     -    0s
H    0     0                    6754.0000000 4234.03946  37.3%     -    0s
     0     0 4295.58669    0  145 6754.00000 4295.58669  36.4%     -    0s
     0     0 4307.16419    0   88 6754.00000 4307.16419  36.2%     -    0s
     0     0 4307.89392    0  100 6754.00000 4307.89392  36.2%     -    0s
     0     0 4309.96104    0   97 6754.00000 4309.96104  36.2%     -    0s
     0     0 4311.06209    0  115 6754.00000 4311.06209  36.2%     -    0s
     0     0 4311.06209    0  117 6754.00000 4311.06209  36.2%     -    0s
H    0     0                    6623.0000000 4391.71936  33.7%     -    0s
     0     0 4391.71936    0  142 6623.00000 4391.71936  33.7%     -    0s
H    0     0                    6483.0000000 4412.96805  31.9%     -    0s
     0     0 4412.96805    0  141 6483.00000 4412.96805  31.9%     -    0s
     0     0 4413.72374    0  148 6483.00000 4413.72374  31.9%     -    0s
     0     0 4417.55843    0  174 6483.00000 4417.55843  31.9%     -    0s
     0     0 4418.28975    0  166 6483.00000 4418.28975  31.8%     -    0s
     0     0 4422.95468    0  130 6483.00000 4422.95468  31.8%     -    0s
     0     0 4423.78913    0  139 6483.00000 4423.78913  31.8%     -    0s
     0     0 4424.41264    0  145 6483.00000 4424.41264  31.8%     -    0s
     0     0 4424.69328    0  156 6483.00000 4424.69328  31.7%     -    0s
     0     0 4424.98255    0  160 6483.00000 4424.98255  31.7%     -    0s
     0     0 4425.28041    0  135 6483.00000 4425.28041  31.7%     -    0s
     0     0 4425.50187    0  138 6483.00000 4425.50187  31.7%     -    0s
     0     0 4425.82290    0  104 6483.00000 4425.82290  31.7%     -    0s
     0     0 4426.03480    0  172 6483.00000 4426.03480  31.7%     -    0s
     0     0 4426.45656    0  132 6483.00000 4426.45656  31.7%     -    0s
     0     0 4426.60563    0  154 6483.00000 4426.60563  31.7%     -    0s
     0     0 4426.60563    0  166 6483.00000 4426.60563  31.7%     -    0s
H    0     0                    6294.0000000 4448.74368  29.3%     -    0s
H    0     0                    6234.0000000 4448.74368  28.6%     -    0s
     0     0 4448.74368    0  139 6234.00000 4448.74368  28.6%     -    0s
     0     0 4457.65815    0   93 6234.00000 4457.65815  28.5%     -    0s
     0     0 4462.56817    0  115 6234.00000 4462.56817  28.4%     -    0s
     0     0 4463.77154    0  159 6234.00000 4463.77154  28.4%     -    0s
     0     0 4465.09339    0  153 6234.00000 4465.09339  28.4%     -    0s
     0     0 4466.74185    0  147 6234.00000 4466.74185  28.3%     -    0s
     0     0 4469.11589    0  169 6234.00000 4469.11589  28.3%     -    0s
     0     0 4470.62810    0  175 6234.00000 4470.62810  28.3%     -    0s
H    0     0                    6044.0000000 4471.11961  26.0%     -    0s
H    0     0                    5984.0000000 4471.11961  25.3%     -    0s
H    0     0                    5404.0000000 4471.11961  17.3%     -    0s
     0     0 4471.11961    0  184 5404.00000 4471.11961  17.3%     -    0s
     0     0 4471.18564    0  185 5404.00000 4471.18564  17.3%     -    0s
     0     0 4471.24051    0  194 5404.00000 4471.24051  17.3%     -    0s
     0     0 4471.31662    0  202 5404.00000 4471.31662  17.3%     -    0s
     0     0 4471.32507    0  201 5404.00000 4471.32507  17.3%     -    0s
     0     0 4471.56332    0  126 5404.00000 4471.56332  17.3%     -    0s
     0     2 4471.58611    0  116 5404.00000 4471.58611  17.3%     -    1s
H   15    24                    5304.0000000 4477.04252  15.6%   293    1s
  2311   767 4692.84375   10  137 5304.00000 4686.33717  11.6%  78.6    5s
  4636   386 5190.30376   29  108 5304.00000 4878.35040  8.03%  90.2   10s

Cutting planes:
  Learned: 79
  Cover: 183
  Clique: 2
  MIR: 97
  StrongCG: 11
  Flow cover: 112
  Inf proof: 2
  Zero half: 2
  Network: 11
  RLT: 6
  Relax-and-lift: 6

Explored 5786 nodes (473864 simplex iterations) in 10.61 seconds (8.69 work units)
Thread count was 12 (of 12 available processors)

Solution count 10: 5304 5404 5984 ... 7314

Optimal solution found (tolerance 1.00e-02)
Best objective 5.304000000000e+03, best bound 5.304000000000e+03, gap 0.0000%
