
Gurobi 12.0.0 (win64) logging started Tue Dec 30 16:17:39 2025

Set parameter LogFile to value "Storage_s/Logs/log_____________2025_12_30_16_17_39.log"
Set parameter MIPGap to value 0.01
Set parameter OutputFlag to value 1
Gurobi Optimizer version 12.0.0 build v12.0.0rc1 (win64 - Windows 10.0 (19045.2))

CPU model: Intel(R) Core(TM) i7-9750H CPU @ 2.60GHz, instruction set [SSE2|AVX|AVX2]
Thread count: 6 physical cores, 12 logical processors, using up to 12 threads

Non-default parameters:
MIPGap  0.01
MIPFocus  1

Optimize a model with 4712 rows, 1163 columns and 12762 nonzeros
Model fingerprint: 0x46b70389
Variable types: 35 continuous, 1128 integer (708 binary)
Coefficient statistics:
  Matrix range     [2e-01, 1e+03]
  Objective range  [1e+02, 4e+03]
  Bounds range     [1e+00, 1e+00]
  RHS range        [1e+00, 2e+03]
Found heuristic solution: objective 11020.000000
Presolve removed 3038 rows and 211 columns
Presolve time: 0.02s
Presolved: 1674 rows, 952 columns, 8106 nonzeros
Variable types: 35 continuous, 917 integer (637 binary)

Root relaxation: objective 5.305200e+03, 1279 iterations, 0.04 seconds (0.04 work units)

    Nodes    |    Current Node    |     Objective Bounds      |     Work
 Expl Unexpl |  Obj  Depth IntInf | Incumbent    BestBd   Gap | It/Node Time

     0     0 5305.20000    0   12 11020.0000 5305.20000  51.9%     -    0s
H    0     0                    9858.0000000 5305.20000  46.2%     -    0s
H    0     0                    9658.0000000 5305.20000  45.1%     -    0s
H    0     0                    9226.0000000 5305.20000  42.5%     -    0s
H    0     0                    9086.0000000 5305.20000  41.6%     -    0s
H    0     0                    8886.0000000 5305.20000  40.3%     -    0s
     0     0 5305.20000    0   72 8886.00000 5305.20000  40.3%     -    0s
H    0     0                    8557.0000000 5305.20000  38.0%     -    0s
H    0     0                    8477.0000000 5305.20000  37.4%     -    0s
     0     0 5305.20000    0   72 8477.00000 5305.20000  37.4%     -    0s
     0     0 5380.77802    0   61 8477.00000 5380.77802  36.5%     -    0s
     0     0 5392.22538    0   69 8477.00000 5392.22538  36.4%     -    0s
H    0     0                    8217.0000000 5401.96464  34.3%     -    0s
     0     0 5401.96464    0   77 8217.00000 5401.96464  34.3%     -    0s
     0     0 5405.44456    0   74 8217.00000 5405.44456  34.2%     -    0s
     0     0 5405.74170    0   76 8217.00000 5405.74170  34.2%     -    0s
H    0     0                    8105.0000000 5405.74170  33.3%     -    0s
     0     0 5405.74170    0   76 8105.00000 5405.74170  33.3%     -    0s
H    0     0                    7577.0000000 5405.74170  28.7%     -    0s
H    0     0                    7437.0000000 5405.74170  27.3%     -    0s
H    0     0                    6593.0000000 5478.48414  16.9%     -    0s
H    0     0                    6453.0000000 5478.48414  15.1%     -    0s
H    0     0                    6283.0000000 5478.48414  12.8%     -    0s
     0     0 5478.48414    0   96 6283.00000 5478.48414  12.8%     -    0s
     0     0 5495.49703    0  138 6283.00000 5495.49703  12.5%     -    0s
     0     0 5520.09958    0  123 6283.00000 5520.09958  12.1%     -    0s
     0     0 5526.71506    0  137 6283.00000 5526.71506  12.0%     -    0s
     0     0 5528.61260    0  129 6283.00000 5528.61260  12.0%     -    0s
     0     0 5541.43598    0  137 6283.00000 5541.43598  11.8%     -    0s
     0     0 5546.45263    0  104 6283.00000 5546.45263  11.7%     -    0s
     0     0 5548.05263    0  117 6283.00000 5548.05263  11.7%     -    0s
     0     0 5549.76692    0  119 6283.00000 5549.76692  11.7%     -    0s
     0     0 5549.76692    0  123 6283.00000 5549.76692  11.7%     -    0s
     0     0 5562.41547    0  158 6283.00000 5562.41547  11.5%     -    0s
     0     0 5562.41916    0  151 6283.00000 5562.41916  11.5%     -    0s
     0     0 5563.32860    0  137 6283.00000 5563.32860  11.5%     -    0s
     0     0 5563.61547    0   14 6283.00000 5563.61547  11.4%     -    0s
     0     0 5563.61547    0   50 6283.00000 5563.61547  11.4%     -    0s
     0     0 5563.61547    0   73 6283.00000 5563.61547  11.4%     -    0s
     0     0 5563.61547    0  112 6283.00000 5563.61547  11.4%     -    0s
     0     0 5563.61547    0  130 6283.00000 5563.61547  11.4%     -    0s
     0     0 5563.61547    0   83 6283.00000 5563.61547  11.4%     -    0s
     0     0 5563.61547    0  136 6283.00000 5563.61547  11.4%     -    0s
     0     0 5563.61547    0  120 6283.00000 5563.61547  11.4%     -    1s
     0     0 5563.61547    0   84 6283.00000 5563.61547  11.4%     -    1s
     0     0 5563.61547    0   87 6283.00000 5563.61547  11.4%     -    1s
     0     0 5563.61547    0   75 6283.00000 5563.61547  11.4%     -    1s
     0     0 5563.61547    0   81 6283.00000 5563.61547  11.4%     -    1s
     0     0 5563.61547    0  106 6283.00000 5563.61547  11.4%     -    1s
     0     0 5564.40550    0  129 6283.00000 5564.40550  11.4%     -    1s
     0     0 5564.40550    0  134 6283.00000 5564.40550  11.4%     -    1s
     0     0 5567.54229    0  175 6283.00000 5567.54229  11.4%     -    1s
     0     0 5583.00299    0  179 6283.00000 5583.00299  11.1%     -    1s
     0     0 5586.90000    0  102 6283.00000 5586.90000  11.1%     -    1s
     0     0 5586.90000    0  100 6283.00000 5586.90000  11.1%     -    1s
     0     0 5586.90000    0  113 6283.00000 5586.90000  11.1%     -    1s
     0     0 5586.90000    0  111 6283.00000 5586.90000  11.1%     -    1s
     0     0 5586.90000    0   81 6283.00000 5586.90000  11.1%     -    1s
     0     2 5587.70000    0   76 6283.00000 5587.70000  11.1%     -    1s
H   82    74                    6205.0000000 5596.05606  9.81%  99.2    1s
  3736   843 6057.54584   12   86 6205.00000 5913.15281  4.70%  60.3    5s
  8924   617 6044.01678   46   18 6205.00000 5964.19136  3.88%  52.4   10s

Cutting planes:
  Learned: 77
  Cover: 182
  Implied bound: 1
  MIR: 98
  StrongCG: 1
  Flow cover: 107
  Mod-K: 1
  Network: 1
  RLT: 13
  Relax-and-lift: 10

Explored 15279 nodes (617625 simplex iterations) in 12.23 seconds (9.27 work units)
Thread count was 12 (of 12 available processors)

Solution count 10: 6205 6283 6453 ... 8557

Optimal solution found (tolerance 1.00e-02)
Best objective 6.205000000000e+03, best bound 6.205000000000e+03, gap 0.0000%
