
Gurobi 12.0.0 (win64) logging started Tue Dec 30 16:13:46 2025

Set parameter LogFile to value "Storage_s/Logs/log_____________2025_12_30_16_13_46.log"
Set parameter MIPGap to value 0.01
Set parameter OutputFlag to value 1
Gurobi Optimizer version 12.0.0 build v12.0.0rc1 (win64 - Windows 10.0 (19045.2))

CPU model: Intel(R) Core(TM) i7-9750H CPU @ 2.60GHz, instruction set [SSE2|AVX|AVX2]
Thread count: 6 physical cores, 12 logical processors, using up to 12 threads

Non-default parameters:
MIPGap  0.01
MIPFocus  1

Optimize a model with 4967 rows, 1187 columns and 13374 nonzeros
Model fingerprint: 0x16b88641
Variable types: 35 continuous, 1152 integer (732 binary)
Coefficient statistics:
  Matrix range     [2e-01, 1e+03]
  Objective range  [9e+01, 4e+03]
  Bounds range     [1e+00, 1e+00]
  RHS range        [1e+00, 2e+03]
Found heuristic solution: objective 11380.000000
Presolve removed 3164 rows and 214 columns
Presolve time: 0.02s
Presolved: 1803 rows, 973 columns, 8526 nonzeros
Variable types: 35 continuous, 938 integer (658 binary)

Root relaxation: objective 4.482400e+03, 1887 iterations, 0.06 seconds (0.07 work units)

    Nodes    |    Current Node    |     Objective Bounds      |     Work
 Expl Unexpl |  Obj  Depth IntInf | Incumbent    BestBd   Gap | It/Node Time

     0     0 4482.40000    0   25 11380.0000 4482.40000  60.6%     -    0s
H    0     0                    10306.000000 4482.40000  56.5%     -    0s
H    0     0                    9346.0000000 4482.40000  52.0%     -    0s
     0     0 4484.06667    0   85 9346.00000 4484.06667  52.0%     -    0s
     0     0 4520.60294    0   61 9346.00000 4520.60294  51.6%     -    0s
     0     0 4549.18333    0   51 9346.00000 4549.18333  51.3%     -    0s
     0     0 4551.59923    0   55 9346.00000 4551.59923  51.3%     -    0s
     0     0 4553.79159    0   60 9346.00000 4553.79159  51.3%     -    0s
     0     0 4553.79159    0   62 9346.00000 4553.79159  51.3%     -    0s
H    0     0                    9234.0000000 4661.31390  49.5%     -    0s
H    0     0                    9034.0000000 4661.31390  48.4%     -    0s
H    0     0                    8688.0000000 4661.31390  46.3%     -    0s
H    0     0                    8208.0000000 4661.31390  43.2%     -    0s
     0     0 4661.31390    0   85 8208.00000 4661.31390  43.2%     -    0s
     0     0 4690.68774    0   88 8208.00000 4690.68774  42.9%     -    0s
     0     0 4696.16904    0  104 8208.00000 4696.16904  42.8%     -    0s
     0     0 4703.56267    0  105 8208.00000 4703.56267  42.7%     -    0s
     0     0 4704.29756    0  115 8208.00000 4704.29756  42.7%     -    0s
     0     0 4710.30956    0  114 8208.00000 4710.30956  42.6%     -    0s
     0     0 4710.90907    0  122 8208.00000 4710.90907  42.6%     -    0s
     0     0 4710.94609    0  125 8208.00000 4710.94609  42.6%     -    0s
H    0     0                    8188.0000000 4710.94609  42.5%     -    0s
     0     0 4808.67306    0  142 8188.00000 4808.67306  41.3%     -    0s
H    0     0                    7428.0000000 4808.67306  35.3%     -    0s
     0     0 4812.65956    0  160 7428.00000 4812.65956  35.2%     -    0s
     0     0 4826.03855    0  148 7428.00000 4826.03855  35.0%     -    0s
H    0     0                    6887.0000000 4828.93274  29.9%     -    0s
H    0     0                    6687.0000000 4828.93274  27.8%     -    0s
     0     0 4828.93274    0  163 6687.00000 4828.93274  27.8%     -    0s
H    0     0                    6147.0000000 4829.18076  21.4%     -    0s
     0     0 4829.18076    0  192 6147.00000 4829.18076  21.4%     -    0s
     0     0 4829.26066    0  196 6147.00000 4829.26066  21.4%     -    0s
     0     0 4833.57511    0  180 6147.00000 4833.57511  21.4%     -    0s
H    0     0                    6067.0000000 4833.97008  20.3%     -    0s
H    0     0                    5867.0000000 4833.97008  17.6%     -    0s
H    0     0                    5807.0000000 4833.97008  16.8%     -    0s
     0     0 4833.97008    0  177 5807.00000 4833.97008  16.8%     -    0s
     0     0 4834.98419    0  177 5807.00000 4834.98419  16.7%     -    0s
     0     0 4835.00549    0  183 5807.00000 4835.00549  16.7%     -    0s
     0     0 4863.41895    0  208 5807.00000 4863.41895  16.2%     -    0s
     0     0 4864.36309    0  216 5807.00000 4864.36309  16.2%     -    0s
     0     0 4866.13538    0  156 5807.00000 4866.13538  16.2%     -    0s
     0     0 4866.19917    0  162 5807.00000 4866.19917  16.2%     -    0s
     0     0 4866.74499    0  189 5807.00000 4866.74499  16.2%     -    0s
     0     0 4867.42029    0  200 5807.00000 4867.42029  16.2%     -    0s
     0     0 4867.75307    0  199 5807.00000 4867.75307  16.2%     -    0s
     0     0 4867.97657    0  218 5807.00000 4867.97657  16.2%     -    0s
     0     0 4867.97657    0  226 5807.00000 4867.97657  16.2%     -    0s
     0     0 4885.22989    0  165 5807.00000 4885.22989  15.9%     -    0s
     0     2 4885.98353    0  148 5807.00000 4885.98353  15.9%     -    0s
H    6     8                    5747.0000000 4896.43159  14.8%   223    1s
H   40    42                    5667.0000000 4900.14218  13.5%   219    1s
   768   344 5284.31310   21   21 5667.00000 4958.47746  12.5%  97.7    5s
  2928   917 5244.02377   26   37 5667.00000 5100.34208  10.0%  75.2   10s
  6569   186 infeasible   20      5667.00000 5375.01704  5.15%  74.2   15s

Cutting planes:
  Learned: 62
  Gomory: 3
  Cover: 185
  Implied bound: 1
  MIR: 93
  StrongCG: 17
  Flow cover: 139
  Inf proof: 1
  Zero half: 5
  Network: 1
  RLT: 4
  Relax-and-lift: 10

Explored 7265 nodes (533455 simplex iterations) in 15.85 seconds (11.23 work units)
Thread count was 12 (of 12 available processors)

Solution count 10: 5667 5747 5807 ... 8188

Optimal solution found (tolerance 1.00e-02)
Best objective 5.667000000000e+03, best bound 5.667000000000e+03, gap 0.0000%
