
Gurobi 12.0.0 (win64) logging started Tue Dec 30 16:05:17 2025

Set parameter LogFile to value "Storage_s/Logs/log_____________2025_12_30_16_05_17.log"
Set parameter MIPGap to value 0.01
Set parameter OutputFlag to value 1
Gurobi Optimizer version 12.0.0 build v12.0.0rc1 (win64 - Windows 10.0 (19045.2))

CPU model: Intel(R) Core(TM) i7-9750H CPU @ 2.60GHz, instruction set [SSE2|AVX|AVX2]
Thread count: 6 physical cores, 12 logical processors, using up to 12 threads

Non-default parameters:
MIPGap  0.01
MIPFocus  1

Optimize a model with 4918 rows, 1187 columns and 13276 nonzeros
Model fingerprint: 0xf28a9293
Variable types: 35 continuous, 1152 integer (732 binary)
Coefficient statistics:
  Matrix range     [2e-01, 1e+03]
  Objective range  [9e+01, 4e+03]
  Bounds range     [1e+00, 1e+00]
  RHS range        [1e+00, 2e+03]
Found heuristic solution: objective 11380.000000
Presolve removed 3164 rows and 214 columns
Presolve time: 0.01s
Presolved: 1754 rows, 973 columns, 8428 nonzeros
Variable types: 35 continuous, 938 integer (658 binary)

Root relaxation: objective 5.558600e+03, 1344 iterations, 0.04 seconds (0.05 work units)

    Nodes    |    Current Node    |     Objective Bounds      |     Work
 Expl Unexpl |  Obj  Depth IntInf | Incumbent    BestBd   Gap | It/Node Time

     0     0 5558.60000    0   13 11380.0000 5558.60000  51.2%     -    0s
H    0     0                    11192.000000 5558.60000  50.3%     -    0s
H    0     0                    10192.000000 5558.60000  45.5%     -    0s
H    0     0                    9566.0000000 5558.60000  41.9%     -    0s
H    0     0                    9166.0000000 5558.60000  39.4%     -    0s
H    0     0                    8640.0000000 5558.60000  35.7%     -    0s
H    0     0                    7400.0000000 5558.60000  24.9%     -    0s
     0     0 5558.60000    0   43 7400.00000 5558.60000  24.9%     -    0s
     0     0 5569.57300    0   42 7400.00000 5569.57300  24.7%     -    0s
     0     0 5570.70000    0   35 7400.00000 5570.70000  24.7%     -    0s
     0     0 5656.93766    0   52 7400.00000 5656.93766  23.6%     -    0s
     0     0 5661.83175    0   53 7400.00000 5661.83175  23.5%     -    0s
     0     0 5664.46825    0   41 7400.00000 5664.46825  23.5%     -    0s
     0     0 5665.21111    0   51 7400.00000 5665.21111  23.4%     -    0s
     0     0 5665.61111    0   34 7400.00000 5665.61111  23.4%     -    0s
     0     0 5665.61111    0   48 7400.00000 5665.61111  23.4%     -    0s
H    0     0                    7074.0000000 5666.80000  19.9%     -    0s
     0     0 5735.36219    0  113 7074.00000 5735.36219  18.9%     -    0s
     0     0 5773.45400    0  116 7074.00000 5773.45400  18.4%     -    0s
     0     0 5777.59777    0   72 7074.00000 5777.59777  18.3%     -    0s
     0     0 5778.56140    0   26 7074.00000 5778.56140  18.3%     -    0s
     0     0 5778.56140    0   30 7074.00000 5778.56140  18.3%     -    0s
     0     0 5888.28708    0  124 7074.00000 5888.28708  16.8%     -    0s
H    0     0                    6946.0000000 5888.28708  15.2%     -    0s
     0     0 5907.16184    0  101 6946.00000 5907.16184  15.0%     -    0s
H    0     0                    6909.0000000 5913.75770  14.4%     -    0s
H    0     0                    6849.0000000 5913.75770  13.7%     -    0s
     0     0 5913.75770    0  125 6849.00000 5913.75770  13.7%     -    0s
     0     0 5917.16118    0  124 6849.00000 5917.16118  13.6%     -    0s
     0     0 5922.93818    0  138 6849.00000 5922.93818  13.5%     -    0s
     0     0 5924.17184    0  138 6849.00000 5924.17184  13.5%     -    0s
     0     0 5926.97144    0  172 6849.00000 5926.97144  13.5%     -    0s
     0     0 5928.23019    0  183 6849.00000 5928.23019  13.4%     -    0s
     0     0 5931.72497    0  179 6849.00000 5931.72497  13.4%     -    0s
     0     0 5939.84530    0  146 6849.00000 5939.84530  13.3%     -    0s
     0     0 5941.27805    0  158 6849.00000 5941.27805  13.3%     -    0s
     0     0 5941.41425    0  150 6849.00000 5941.41425  13.3%     -    0s
     0     0 5941.53544    0  167 6849.00000 5941.53544  13.2%     -    0s
     0     0 5941.53544    0  153 6849.00000 5941.53544  13.2%     -    0s
     0     0 5964.45771    0  101 6849.00000 5964.45771  12.9%     -    0s
H    0     0                    6709.0000000 5964.45771  11.1%     -    0s
H    0     0                    6569.0000000 5964.45771  9.20%     -    0s
     0     0 5964.45771    0   10 6569.00000 5964.45771  9.20%     -    0s
     0     0 5964.45771    0   42 6569.00000 5964.45771  9.20%     -    0s
     0     0 5964.45771    0   44 6569.00000 5964.45771  9.20%     -    0s
     0     0 5964.45771    0   51 6569.00000 5964.45771  9.20%     -    0s
     0     0 5964.45771    0  100 6569.00000 5964.45771  9.20%     -    0s
     0     0 5964.45771    0  111 6569.00000 5964.45771  9.20%     -    0s
     0     0 5964.45771    0   98 6569.00000 5964.45771  9.20%     -    0s
     0     0 5964.45771    0   99 6569.00000 5964.45771  9.20%     -    0s
     0     0 5964.45771    0   91 6569.00000 5964.45771  9.20%     -    0s
     0     0 5964.45771    0  123 6569.00000 5964.45771  9.20%     -    0s
     0     0 5964.45771    0  118 6569.00000 5964.45771  9.20%     -    0s
     0     0 5964.45771    0  115 6569.00000 5964.45771  9.20%     -    0s
     0     0 5964.45771    0  106 6569.00000 5964.45771  9.20%     -    1s
     0     0 5964.45771    0  147 6569.00000 5964.45771  9.20%     -    1s
     0     0 5964.45771    0  162 6569.00000 5964.45771  9.20%     -    1s
     0     0 5967.85959    0  187 6569.00000 5967.85959  9.15%     -    1s
     0     0 5976.99143    0  194 6569.00000 5976.99143  9.01%     -    1s
     0     0 5982.04004    0  176 6569.00000 5982.04004  8.94%     -    1s
     0     0 5983.53567    0  192 6569.00000 5983.53567  8.91%     -    1s
     0     0 5984.60000    0   63 6569.00000 5984.60000  8.90%     -    1s
     0     0 5985.30778    0  168 6569.00000 5985.30778  8.89%     -    1s
     0     0 5985.30778    0  173 6569.00000 5985.30778  8.89%     -    1s
     0     0 6005.26045    0  149 6569.00000 6005.26045  8.58%     -    1s
     0     0 6005.28908    0  145 6569.00000 6005.28908  8.58%     -    1s
     0     0 6005.52030    0  145 6569.00000 6005.52030  8.58%     -    1s
     0     2 6005.55746    0  121 6569.00000 6005.55746  8.58%     -    1s
H  613   307                    6525.0000000 6027.74359  7.62%  66.6    3s
* 1820   628              28    6490.0000000 6082.37022  6.28%  63.0    4s
  2913   823 6405.09691   12   81 6490.00000 6141.77459  5.37%  59.5    5s
H 3609   956                    6390.0000000 6150.92772  3.74%  64.7    7s

Cutting planes:
  Learned: 32
  Gomory: 2
  Cover: 180
  MIR: 110
  StrongCG: 6
  Flow cover: 109
  Inf proof: 3
  Network: 4
  RLT: 4
  Relax-and-lift: 15

Explored 6217 nodes (430425 simplex iterations) in 9.95 seconds (6.84 work units)
Thread count was 12 (of 12 available processors)

Solution count 10: 6390 6490 6525 ... 7400

Optimal solution found (tolerance 1.00e-02)
Best objective 6.390000000000e+03, best bound 6.390000000000e+03, gap 0.0000%
