
Gurobi 12.0.0 (win64) logging started Tue Jan 13 21:12:00 2026

Set parameter LogFile to value "Storage_orig/Logs/log_____________2026_01_13_21_12_00.log"
Set parameter MIPGap to value 0.01
Set parameter OutputFlag to value 1
Gurobi Optimizer version 12.0.0 build v12.0.0rc1 (win64 - Windows 11.0 (26100.2))

CPU model: Intel(R) Core(TM) i7-9750H CPU @ 2.60GHz, instruction set [SSE2|AVX|AVX2]
Thread count: 6 physical cores, 12 logical processors, using up to 12 threads

Non-default parameters:
MIPGap  0.01
MIPFocus  1

Optimize a model with 206 rows, 136 columns and 610 nonzeros
Model fingerprint: 0x5cc32ffb
Variable types: 8 continuous, 128 integer (48 binary)
Coefficient statistics:
  Matrix range     [2e-01, 1e+03]
  Objective range  [9e+00, 1e+03]
  Bounds range     [1e+00, 1e+00]
  RHS range        [1e+00, 1e+03]
Found heuristic solution: objective 3100.0000000
Presolve removed 76 rows and 40 columns
Presolve time: 0.00s
Presolved: 130 rows, 96 columns, 510 nonzeros
Variable types: 8 continuous, 88 integer (40 binary)

Root relaxation: objective 3.766000e+02, 57 iterations, 0.00 seconds (0.00 work units)

    Nodes    |    Current Node    |     Objective Bounds      |     Work
 Expl Unexpl |  Obj  Depth IntInf | Incumbent    BestBd   Gap | It/Node Time

     0     0  376.60000    0    8 3100.00000  376.60000  87.9%     -    0s
H    0     0                    2478.0000000  376.60000  84.8%     -    0s
H    0     0                    2128.0000000  376.60000  82.3%     -    0s
     0     0  406.60000    0    8 2128.00000  406.60000  80.9%     -    0s
     0     0 1256.30000    0   11 2128.00000 1256.30000  41.0%     -    0s
H    0     0                    1438.0000000 1256.30000  12.6%     -    0s
     0     0 1348.85000    0    6 1438.00000 1348.85000  6.20%     -    0s
     0     0 1353.50000    0    9 1438.00000 1353.50000  5.88%     -    0s

Cutting planes:
  Learned: 2
  Gomory: 1
  Cover: 11
  MIR: 11
  Flow cover: 10
  Network: 1
  RLT: 1
  Relax-and-lift: 2

Explored 1 nodes (123 simplex iterations) in 0.04 seconds (0.01 work units)
Thread count was 12 (of 12 available processors)

Solution count 4: 1438 2128 2478 3100 

Optimal solution found (tolerance 1.00e-02)
Best objective 1.438000000000e+03, best bound 1.438000000000e+03, gap 0.0000%
