
Gurobi 12.0.0 (win64) logging started Tue Jan 13 21:11:16 2026

Set parameter LogFile to value "Storage_orig/Logs/log_____________2026_01_13_21_11_16.log"
Set parameter MIPGap to value 0.01
Set parameter OutputFlag to value 1
Gurobi Optimizer version 12.0.0 build v12.0.0rc1 (win64 - Windows 11.0 (26100.2))

CPU model: Intel(R) Core(TM) i7-9750H CPU @ 2.60GHz, instruction set [SSE2|AVX|AVX2]
Thread count: 6 physical cores, 12 logical processors, using up to 12 threads

Non-default parameters:
MIPGap  0.01
MIPFocus  1

Optimize a model with 206 rows, 136 columns and 610 nonzeros
Model fingerprint: 0xc123c624
Variable types: 8 continuous, 128 integer (48 binary)
Coefficient statistics:
  Matrix range     [2e-01, 1e+03]
  Objective range  [9e+00, 1e+03]
  Bounds range     [1e+00, 1e+00]
  RHS range        [1e+00, 1e+03]
Found heuristic solution: objective 1300.0000000
Presolve removed 76 rows and 40 columns
Presolve time: 0.00s
Presolved: 130 rows, 96 columns, 510 nonzeros
Variable types: 8 continuous, 88 integer (40 binary)

Root relaxation: objective 3.766000e+02, 54 iterations, 0.00 seconds (0.00 work units)

    Nodes    |    Current Node    |     Objective Bounds      |     Work
 Expl Unexpl |  Obj  Depth IntInf | Incumbent    BestBd   Gap | It/Node Time

     0     0  376.60000    0    8 1300.00000  376.60000  71.0%     -    0s
     0     0  376.60000    0    8 1300.00000  376.60000  71.0%     -    0s
     0     0  652.25000    0   12 1300.00000  652.25000  49.8%     -    0s
     0     0  664.70000    0   11 1300.00000  664.70000  48.9%     -    0s
     0     0  665.90000    0    7 1300.00000  665.90000  48.8%     -    0s
     0     0  665.90000    0   12 1300.00000  665.90000  48.8%     -    0s

Cutting planes:
  Learned: 3
  Gomory: 1
  Cover: 6
  MIR: 9
  Flow cover: 3
  Relax-and-lift: 1

Explored 1 nodes (100 simplex iterations) in 0.02 seconds (0.00 work units)
Thread count was 12 (of 12 available processors)

Solution count 1: 1300 

Optimal solution found (tolerance 1.00e-02)
Best objective 1.300000000000e+03, best bound 1.300000000000e+03, gap 0.0000%
