
Gurobi 12.0.0 (win64) logging started Tue Jan 13 22:31:35 2026

Set parameter LogFile to value "Storage_orig/Logs/log_____________2026_01_13_22_31_35.log"
Set parameter MIPGap to value 0.01
Set parameter OutputFlag to value 1
Gurobi Optimizer version 12.0.0 build v12.0.0rc1 (win64 - Windows 11.0 (26100.2))

CPU model: Intel(R) Core(TM) i7-9750H CPU @ 2.60GHz, instruction set [SSE2|AVX|AVX2]
Thread count: 6 physical cores, 12 logical processors, using up to 12 threads

Non-default parameters:
MIPGap  0.01
MIPFocus  1

Optimize a model with 5644 rows, 1144 columns and 15220 nonzeros
Model fingerprint: 0xe4803e30
Variable types: 28 continuous, 1116 integer (668 binary)
Coefficient statistics:
  Matrix range     [2e-01, 1e+03]
  Objective range  [1e+01, 2e+05]
  Bounds range     [1e+00, 1e+00]
  RHS range        [1e+00, 1e+03]
Found heuristic solution: objective 1.526000e+07
Presolve removed 4056 rows and 212 columns
Presolve time: 0.02s
Presolved: 1588 rows, 932 columns, 9008 nonzeros
Variable types: 28 continuous, 904 integer (568 binary)

Root relaxation: objective 2.886240e+03, 771 iterations, 0.01 seconds (0.02 work units)

    Nodes    |    Current Node    |     Objective Bounds      |     Work
 Expl Unexpl |  Obj  Depth IntInf | Incumbent    BestBd   Gap | It/Node Time

     0     0 2886.24000    0   12 1.5260e+07 2886.24000   100%     -    0s
H    0     0                    1.372412e+07 2886.24000   100%     -    0s
H    0     0                    1.324412e+07 2886.24000   100%     -    0s
H    0     0                    1.318412e+07 2886.24000   100%     -    0s
H    0     0                    1.270412e+07 2886.24000   100%     -    0s
H    0     0                    1.214412e+07 3367.05333   100%     -    0s
H    0     0                    9607562.0000 3367.05333   100%     -    0s
H    0     0                    8347562.0000 3367.05333   100%     -    0s
     0     0 3367.05333    0   42 8347562.00 3367.05333   100%     -    0s
H    0     0                    5326780.0000 3367.05333   100%     -    0s
H    0     0                    4846780.0000 3367.05333   100%     -    0s
H    0     0                    3806780.0000 3367.05333   100%     -    0s
     0     0 3369.16667    0   38 3806780.00 3369.16667   100%     -    0s
     0     0 3369.16667    0   40 3806780.00 3369.16667   100%     -    0s
     0     0 3415.43964    0   37 3806780.00 3415.43964   100%     -    0s
H    0     0                    3050106.0000 3415.43964   100%     -    0s
H    0     0                    2290106.0000 3415.43964   100%     -    0s
     0     0 3431.55826    0   72 2290106.00 3431.55826   100%     -    0s
     0     0 3435.21386    0   90 2290106.00 3435.21386   100%     -    0s
     0     0 3435.42616    0   94 2290106.00 3435.42616   100%     -    0s
     0     0 3438.94655    0   51 2290106.00 3438.94655   100%     -    0s
H    0     0                    2150207.0000 3438.94655   100%     -    0s
     0     0 3439.23220    0   62 2150207.00 3439.23220   100%     -    0s
     0     0 3439.50000    0   26 2150207.00 3439.50000   100%     -    0s
     0     0 3439.50000    0   32 2150207.00 3439.50000   100%     -    0s
     0     0 3440.13000    0   37 2150207.00 3440.13000   100%     -    0s
H    0     0                    2090207.0000 3440.13000   100%     -    0s
H    0     0                    1949999.0000 3440.13000   100%     -    0s
     0     0 3440.13000    0   39 1949999.00 3440.13000   100%     -    0s
     0     0 3440.13000    0   28 1949999.00 3440.13000   100%     -    0s
H    0     0                    1589999.0000 3440.13000   100%     -    0s
H    0     0                    1529998.9867 3440.13000   100%     -    0s
H    0     0                    1529998.9862 3440.13000   100%     -    0s
H    0     0                    1246673.0000 3440.13000   100%     -    0s
     0     2 3440.23000    0   28 1246673.00 3440.23000   100%     -    0s
H    6     8                    1050113.0000 3444.60000   100%  34.5    0s
H    7    14                    910113.00000 3444.60000   100%  48.0    0s
H   38    47                    770217.00000 3444.60000   100%  39.3    0s
H   42    47                    770113.00000 3444.60000   100%  43.8    0s
H   43    47                    769999.00000 3444.60000   100%  46.1    0s
H   43    47                    631340.00000 3444.60000  99.5%  46.1    0s
H   44    47                    430100.00000 3444.60000  99.2%  45.1    0s
H   46    60                    290100.00000 3444.60000  98.8%  51.8    0s
H   87    91                    150319.00000 3444.60000  97.7%  74.0    1s
H  113   110                    11542.000000 3444.60000  70.2%  74.3    1s
H  143   158                    11441.000000 3444.60000  69.9%  70.5    1s
H  202   193                    11340.000000 3444.60000  69.6%  55.6    1s
H  248   232                    11239.000000 3444.60000  69.4%  48.2    1s
H  250   232                    11121.000000 3444.60000  69.0%  47.9    1s
H  254   232                    10332.000000 3444.60000  66.7%  47.6    1s
H  302   270                    10113.000000 3444.60000  65.9%  43.6    1s
H  318   288                    10100.000000 3444.60000  65.9%  42.9    1s
H  322   288                    10012.000000 3444.60000  65.6%  43.0    1s
H  351   344                    9999.0000000 3444.60000  65.6%  41.8    1s
H  359   344                    9313.0000000 3444.60000  63.0%  41.3    1s
H  372   344                    9212.0000000 3444.60000  62.6%  40.6    1s
H  399   361                    9199.0000000 3444.60000  62.6%  39.6    1s
H  403   361                    9094.0000000 3444.60000  62.1%  39.2    1s
H  471   408                    9081.0000000 3471.83499  61.8%  38.6    2s
H  502   420                    9078.0000000 3471.83499  61.8%  39.4    2s
H  560   476                    8977.0000000 3471.83499  61.3%  38.8    2s
H 1569  1164                    7577.0000000 3879.78733  48.8%  36.4    4s
  1572  1175 3892.67627   14  122 7577.00000 3886.26487  48.7%  37.3    5s
H 1600  1127                    6878.0000000 3893.03367  43.4%  40.2    5s
H 1660  1142                    6777.0000000 3893.03367  42.6%  42.8    5s
H 1712  1104                    6676.0000000 3893.03367  41.7%  43.9    5s
H 1931  1132                    5977.0000000 3902.51027  34.7%  48.0    6s
  3399  1395 4342.29123   27   42 5977.00000 4217.99817  29.4%  54.8   10s
  6195  2545 infeasible   39      5977.00000 4267.96584  28.6%  61.5   15s
  9271  3955 5438.25474   50   68 5977.00000 4305.68222  28.0%  64.9   20s
 12471  5473 5190.27554   45  104 5977.00000 4489.40140  24.9%  68.1   25s
 17264  7385 5775.64499   37   91 5977.00000 4670.06515  21.9%  66.9   30s
 21220  8401 5816.78764   49   65 5977.00000 4716.56000  21.1%  66.8   35s
 25432  9618 infeasible   42      5977.00000 4799.78574  19.7%  67.0   40s
 28335 10609 4928.47196   36   71 5977.00000 4821.15192  19.3%  69.3   45s
 30924 11387 5306.17899   40   94 5977.00000 4846.32866  18.9%  71.2   50s
 33347 12196 infeasible   44      5977.00000 4859.73608  18.7%  72.9   55s
 35735 12986 5027.06586   39   92 5977.00000 4865.02400  18.6%  74.2   61s
 38243 14204 4991.68283   38  103 5977.00000 4868.57424  18.5%  75.2   67s
 39617 14263     cutoff   29      5977.00000 4870.72727  18.5%  75.5   70s
 40829 15032 5322.00000   38   47 5977.00000 4870.78537  18.5%  76.1   75s
 43549 15792 infeasible   48      5977.00000 4873.45606  18.5%  77.0   80s
*44353  9561              48    5402.0000000 4874.23613  9.77%  77.2   80s
H44386  9292                    5284.0000000 4874.23613  7.75%  77.2   83s
H44400  9283                    5281.0000000 4874.23613  7.70%  77.2   83s
H44570  8193                    5177.0000000 4874.23613  5.85%  77.1   83s
 45525  8473 4905.83928   31  188 5177.00000 4875.02100  5.83%  77.1   85s
 49372  9079 5011.34221   37  109 5177.00000 4879.24604  5.75%  76.1   90s
 53812  9940 4911.19022   39  121 5177.00000 4883.70769  5.67%  75.0   96s
 56575 10299     cutoff   39      5177.00000 4886.52813  5.61%  74.6  100s
 61498 10889     cutoff   41      5177.00000 4890.43122  5.54%  73.8  106s
 64862 11301     cutoff   39      5177.00000 4892.45525  5.50%  73.5  111s
 68504 11675     cutoff   40      5177.00000 4895.87710  5.43%  73.3  116s
 71929 12145 4908.45611   41   37 5177.00000 4898.92380  5.37%  73.0  121s
 75593 12315 5028.79441   45   49 5177.00000 4902.09933  5.31%  72.6  126s
 77852 12609 4977.01727   50  159 5177.00000 4904.42407  5.27%  72.4  130s
 81806 12836     cutoff   44      5177.00000 4908.86048  5.18%  72.1  135s
 85532 13021     cutoff   29      5177.00000 4913.74816  5.09%  71.8  140s
 88202 13111 5108.47134   39  136 5177.00000 4917.33561  5.02%  71.8  145s
 92397 13283 4990.18775   37  100 5177.00000 4924.45054  4.88%  71.6  150s
 95830 13380 4959.85996   31   61 5177.00000 4930.71469  4.76%  71.4  155s
 99798 13488 4966.85473   37   76 5177.00000 4938.67329  4.60%  71.3  160s
 103336 13642 5047.19739   40  113 5177.00000 4945.86807  4.46%  71.1  165s
 108239 13842 infeasible   43      5177.00000 4956.26633  4.26%  70.8  171s
 111826 14022 infeasible   44      5177.00000 4961.36689  4.17%  70.7  176s
 114328 14312 5031.23742   36  126 5177.00000 4966.49668  4.07%  70.6  180s
 118769 15014 5078.53314   37   99 5177.00000 4969.42845  4.01%  70.4  185s
 121953 15313     cutoff   38      5177.00000 4971.46023  3.97%  70.2  190s
 125192 15604 5090.40842   33  128 5177.00000 4972.16676  3.96%  70.1  195s
 129318 16078 4981.21194   46  153 5177.00000 4973.58870  3.93%  69.8  201s
 132986 16237 infeasible   40      5177.00000 4975.08790  3.90%  69.7  206s
 136275 16352 infeasible   41      5177.00000 4976.28500  3.88%  69.6  211s
 140199 16287 5029.10976   47   45 5177.00000 4978.30000  3.84%  69.5  216s
 141052 16373 infeasible   42      5177.00000 4978.77876  3.83%  69.5  220s
 145003 16496 5080.70391   46   39 5177.00000 4980.02426  3.80%  69.4  225s
 148987 16582 4989.56490   38  118 5177.00000 4981.98469  3.77%  69.3  231s
 150515 16736 5127.03315   45  129 5177.00000 4982.00000  3.77%  69.3  235s
 154765 16802 infeasible   39      5177.00000 4983.47608  3.74%  69.1  241s
 158145 16882 4988.67628   49  133 5177.00000 4985.00000  3.71%  69.1  246s
 160404 16967 infeasible   37      5177.00000 4985.73099  3.69%  69.0  251s
 163043 17003     cutoff   45      5177.00000 4986.19575  3.69%  69.1  255s
 166776 16947     cutoff   35      5177.00000 4987.24584  3.67%  69.0  261s
 169289 16889 5001.75105   47  127 5177.00000 4988.11172  3.65%  69.1  265s
 172020 16814     cutoff   49      5177.00000 4989.00000  3.63%  69.1  271s
 174201 16738 5094.90829   36  148 5177.00000 4989.31449  3.63%  69.2  275s
 178368 16537 infeasible   44      5177.00000 4990.99482  3.59%  69.2  281s
 180481 16371 5143.24138   42   22 5177.00000 4991.95979  3.57%  69.3  285s
 184509 16079     cutoff   42      5177.00000 4993.68029  3.54%  69.3  291s
 186712 15922     cutoff   46      5177.00000 4994.60273  3.52%  69.3  295s
 188220 15768 infeasible   44      5177.00000 4994.83524  3.52%  69.3  300s
 192355 15496 5024.63574   49  105 5177.00000 4997.51266  3.47%  69.3  306s
 194266 15299 infeasible   42      5177.00000 4998.56793  3.45%  69.3  310s
 198397 14926     cutoff   37      5177.00000 4999.95391  3.42%  69.4  316s
 200974 14576     cutoff   42      5177.00000 5001.25353  3.39%  69.4  320s
 204510 14071 5011.81045   46  174 5177.00000 5003.00000  3.36%  69.4  326s
 206842 13648 5051.89797   39  165 5177.00000 5004.54934  3.33%  69.4  331s
 210617 12895 infeasible   47      5177.00000 5007.33170  3.28%  69.4  336s
 212945 12376 5154.43447   45   44 5177.00000 5009.85287  3.23%  69.5  340s
 216350 11626     cutoff   47      5177.00000 5012.88900  3.17%  69.4  346s
 219025 10915     cutoff   49      5177.00000 5017.03938  3.09%  69.4  350s
 220910 10255 5127.25723   43  142 5177.00000 5019.68549  3.04%  69.4  355s
 225118  8874     cutoff   36      5177.00000 5029.60313  2.85%  69.4  360s
 227740  8256 infeasible   41      5177.00000 5036.25921  2.72%  69.3  365s
 231160  6999 5063.47986   34   90 5177.00000 5044.93333  2.55%  69.2  371s
 233887  6162 5059.20000   39   67 5177.00000 5051.62972  2.42%  69.2  375s
 237767  5164     cutoff   46      5177.00000 5066.66352  2.13%  69.1  381s
 238833  4464 5118.72222   44   69 5177.00000 5067.72777  2.11%  69.1  385s
 242743  2525 infeasible   44      5177.00000 5086.98217  1.74%  69.0  391s
 245710   524     cutoff   37      5177.00000 5107.11591  1.35%  68.8  395s

Cutting planes:
  Learned: 522
  Gomory: 2
  Cover: 164
  MIR: 135
  StrongCG: 9
  Flow cover: 204
  GUB cover: 1
  Inf proof: 68
  Zero half: 2
  Network: 2
  RLT: 13
  Relax-and-lift: 11

Explored 247045 nodes (16943692 simplex iterations) in 395.13 seconds (237.12 work units)
Thread count was 12 (of 12 available processors)

Solution count 10: 5177 5177 5281 ... 7577

Optimal solution found (tolerance 1.00e-02)
Best objective 5.177000000000e+03, best bound 5.139000000000e+03, gap 0.7340%
